{"/home/travis/build/npmtest/node-npmtest-slm/test.js":{"path":"/home/travis/build/npmtest/node-npmtest-slm/test.js","s":{"1":2,"2":2,"3":2,"4":2,"5":2,"6":2,"7":2,"8":1,"9":2,"10":2,"11":1,"12":1,"13":1,"14":1,"15":2,"16":2,"17":2,"18":2,"19":1,"20":1,"21":2,"22":2,"23":2,"24":1,"25":1,"26":1,"27":1,"28":1,"29":1,"30":1,"31":1,"32":1,"33":1,"34":1,"35":1,"36":1,"37":1,"38":1,"39":2,"40":2,"41":1,"42":2,"43":2,"44":1,"45":2,"46":2,"47":1,"48":2,"49":2,"50":1,"51":1,"52":1,"53":1,"54":1},"b":{"1":[2,1,1,1],"2":[1,1,1,1],"3":[1,1],"4":[1,1],"5":[1,1],"6":[1,1],"7":[1,1],"8":[1,1],"9":[1,1],"10":[1,1,1],"11":[1,1],"12":[1,1],"13":[1,1],"14":[1,1],"15":[1,1],"16":[1,1],"17":[1,1]},"f":{"1":2,"2":2,"3":2,"4":2,"5":2,"6":1,"7":1,"8":1,"9":2,"10":2,"11":2,"12":2,"13":1},"fnMap":{"1":{"name":"(anonymous_1)","line":12,"loc":{"start":{"line":12,"column":1},"end":{"line":12,"column":13}}},"2":{"name":"(anonymous_2)","line":19,"loc":{"start":{"line":19,"column":5},"end":{"line":19,"column":17}}},"3":{"name":"(anonymous_3)","line":23,"loc":{"start":{"line":23,"column":24},"end":{"line":23,"column":36}}},"4":{"name":"(anonymous_4)","line":61,"loc":{"start":{"line":61,"column":5},"end":{"line":61,"column":17}}},"5":{"name":"(anonymous_5)","line":82,"loc":{"start":{"line":82,"column":5},"end":{"line":82,"column":17}}},"6":{"name":"(anonymous_6)","line":91,"loc":{"start":{"line":91,"column":77},"end":{"line":94,"column":10}}},"7":{"name":"(anonymous_7)","line":112,"loc":{"start":{"line":112,"column":83},"end":{"line":115,"column":10}},"skip":true},"8":{"name":"(anonymous_8)","line":123,"loc":{"start":{"line":123,"column":77},"end":{"line":126,"column":10}},"skip":true},"9":{"name":"(anonymous_9)","line":139,"loc":{"start":{"line":139,"column":12},"end":{"line":139,"column":40}},"skip":true},"10":{"name":"(anonymous_10)","line":147,"loc":{"start":{"line":147,"column":77},"end":{"line":150,"column":10}},"skip":true},"11":{"name":"(anonymous_11)","line":158,"loc":{"start":{"line":158,"column":83},"end":{"line":161,"column":10}},"skip":true},"12":{"name":"(anonymous_12)","line":169,"loc":{"start":{"line":169,"column":79},"end":{"line":172,"column":10}},"skip":true},"13":{"name":"(anonymous_13)","line":180,"loc":{"start":{"line":180,"column":75},"end":{"line":183,"column":10}},"skip":true}},"statementMap":{"1":{"start":{"line":12,"column":0},"end":{"line":195,"column":5}},"2":{"start":{"line":14,"column":4},"end":{"line":14,"column":14}},"3":{"start":{"line":19,"column":4},"end":{"line":56,"column":9}},"4":{"start":{"line":21,"column":8},"end":{"line":21,"column":19}},"5":{"start":{"line":23,"column":8},"end":{"line":35,"column":13}},"6":{"start":{"line":24,"column":12},"end":{"line":34,"column":13}},"7":{"start":{"line":25,"column":16},"end":{"line":28,"column":30}},"8":{"start":{"line":30,"column":16},"end":{"line":33,"column":27}},"9":{"start":{"line":37,"column":8},"end":{"line":39,"column":21}},"10":{"start":{"line":40,"column":8},"end":{"line":53,"column":9}},"11":{"start":{"line":43,"column":12},"end":{"line":46,"column":14}},"12":{"start":{"line":47,"column":12},"end":{"line":47,"column":18}},"13":{"start":{"line":50,"column":12},"end":{"line":51,"column":33}},"14":{"start":{"line":52,"column":12},"end":{"line":52,"column":18}},"15":{"start":{"line":55,"column":8},"end":{"line":55,"column":35}},"16":{"start":{"line":61,"column":4},"end":{"line":63,"column":9}},"17":{"start":{"line":62,"column":8},"end":{"line":62,"column":15}},"18":{"start":{"line":64,"column":4},"end":{"line":77,"column":5}},"19":{"start":{"line":70,"column":8},"end":{"line":70,"column":14}},"20":{"start":{"line":76,"column":8},"end":{"line":76,"column":14}},"21":{"start":{"line":82,"column":4},"end":{"line":84,"column":9}},"22":{"start":{"line":83,"column":8},"end":{"line":83,"column":15}},"23":{"start":{"line":85,"column":4},"end":{"line":194,"column":5}},"24":{"start":{"line":91,"column":8},"end":{"line":99,"column":10}},"25":{"start":{"line":98,"column":12},"end":{"line":98,"column":35}},"26":{"start":{"line":102,"column":8},"end":{"line":104,"column":63}},"27":{"start":{"line":105,"column":8},"end":{"line":105,"column":14}},"28":{"start":{"line":112,"column":8},"end":{"line":121,"column":10},"skip":true},"29":{"start":{"line":119,"column":12},"end":{"line":119,"column":55},"skip":true},"30":{"start":{"line":120,"column":12},"end":{"line":120,"column":48},"skip":true},"31":{"start":{"line":123,"column":8},"end":{"line":136,"column":10},"skip":true},"32":{"start":{"line":130,"column":12},"end":{"line":130,"column":76},"skip":true},"33":{"start":{"line":131,"column":12},"end":{"line":131,"column":73},"skip":true},"34":{"start":{"line":132,"column":12},"end":{"line":132,"column":74},"skip":true},"35":{"start":{"line":133,"column":12},"end":{"line":133,"column":79},"skip":true},"36":{"start":{"line":134,"column":12},"end":{"line":134,"column":25},"skip":true},"37":{"start":{"line":135,"column":12},"end":{"line":135,"column":45},"skip":true},"38":{"start":{"line":138,"column":8},"end":{"line":145,"column":14},"skip":true},"39":{"start":{"line":143,"column":16},"end":{"line":143,"column":29},"skip":true},"40":{"start":{"line":144,"column":16},"end":{"line":144,"column":55},"skip":true},"41":{"start":{"line":147,"column":8},"end":{"line":156,"column":10},"skip":true},"42":{"start":{"line":154,"column":12},"end":{"line":154,"column":25},"skip":true},"43":{"start":{"line":155,"column":12},"end":{"line":155,"column":45},"skip":true},"44":{"start":{"line":158,"column":8},"end":{"line":167,"column":10},"skip":true},"45":{"start":{"line":165,"column":12},"end":{"line":165,"column":25},"skip":true},"46":{"start":{"line":166,"column":12},"end":{"line":166,"column":48},"skip":true},"47":{"start":{"line":169,"column":8},"end":{"line":178,"column":10},"skip":true},"48":{"start":{"line":176,"column":12},"end":{"line":176,"column":25},"skip":true},"49":{"start":{"line":177,"column":12},"end":{"line":177,"column":46},"skip":true},"50":{"start":{"line":180,"column":8},"end":{"line":189,"column":10},"skip":true},"51":{"start":{"line":187,"column":12},"end":{"line":187,"column":94},"skip":true},"52":{"start":{"line":188,"column":12},"end":{"line":188,"column":48},"skip":true},"53":{"start":{"line":192,"column":8},"end":{"line":192,"column":35},"skip":true},"54":{"start":{"line":193,"column":8},"end":{"line":193,"column":14},"skip":true}},"branchMap":{"1":{"line":25,"type":"binary-expr","locations":[{"start":{"line":25,"column":23},"end":{"line":25,"column":62}},{"start":{"line":26,"column":20},"end":{"line":26,"column":70}},{"start":{"line":27,"column":20},"end":{"line":27,"column":71}},{"start":{"line":28,"column":20},"end":{"line":28,"column":29}}]},"2":{"line":30,"type":"binary-expr","locations":[{"start":{"line":30,"column":23},"end":{"line":30,"column":37}},{"start":{"line":31,"column":20},"end":{"line":31,"column":61}},{"start":{"line":32,"column":20},"end":{"line":32,"column":70}},{"start":{"line":33,"column":20},"end":{"line":33,"column":26}}]},"3":{"line":37,"type":"cond-expr","locations":[{"start":{"line":38,"column":14},"end":{"line":38,"column":20}},{"start":{"line":39,"column":14},"end":{"line":39,"column":20}}]},"4":{"line":40,"type":"switch","locations":[{"start":{"line":42,"column":8},"end":{"line":47,"column":18}},{"start":{"line":49,"column":8},"end":{"line":52,"column":18}}]},"5":{"line":44,"type":"binary-expr","locations":[{"start":{"line":44,"column":16},"end":{"line":44,"column":44}},{"start":{"line":44,"column":48},"end":{"line":44,"column":66}}]},"6":{"line":50,"type":"binary-expr","locations":[{"start":{"line":50,"column":21},"end":{"line":50,"column":49}},{"start":{"line":50,"column":53},"end":{"line":50,"column":72}}]},"7":{"line":64,"type":"switch","locations":[{"start":{"line":69,"column":4},"end":{"line":70,"column":14}},{"start":{"line":75,"column":4},"end":{"line":76,"column":14}}]},"8":{"line":85,"type":"switch","locations":[{"start":{"line":90,"column":4},"end":{"line":105,"column":14}},{"start":{"line":111,"column":4},"end":{"line":193,"column":14},"skip":true}]},"9":{"line":91,"type":"binary-expr","locations":[{"start":{"line":91,"column":42},"end":{"line":91,"column":73}},{"start":{"line":91,"column":77},"end":{"line":99,"column":9}}]},"10":{"line":102,"type":"binary-expr","locations":[{"start":{"line":102,"column":18},"end":{"line":102,"column":32}},{"start":{"line":103,"column":12},"end":{"line":103,"column":53}},{"start":{"line":104,"column":12},"end":{"line":104,"column":61}}]},"11":{"line":112,"type":"binary-expr","locations":[{"start":{"line":112,"column":45},"end":{"line":112,"column":79},"skip":true},{"start":{"line":112,"column":83},"end":{"line":121,"column":9},"skip":true}]},"12":{"line":123,"type":"binary-expr","locations":[{"start":{"line":123,"column":42},"end":{"line":123,"column":73},"skip":true},{"start":{"line":123,"column":77},"end":{"line":136,"column":9},"skip":true}]},"13":{"line":138,"type":"binary-expr","locations":[{"start":{"line":138,"column":48},"end":{"line":138,"column":85},"skip":true},{"start":{"line":139,"column":12},"end":{"line":145,"column":13},"skip":true}]},"14":{"line":147,"type":"binary-expr","locations":[{"start":{"line":147,"column":42},"end":{"line":147,"column":73},"skip":true},{"start":{"line":147,"column":77},"end":{"line":156,"column":9},"skip":true}]},"15":{"line":158,"type":"binary-expr","locations":[{"start":{"line":158,"column":45},"end":{"line":158,"column":79},"skip":true},{"start":{"line":158,"column":83},"end":{"line":167,"column":9},"skip":true}]},"16":{"line":169,"type":"binary-expr","locations":[{"start":{"line":169,"column":43},"end":{"line":169,"column":75},"skip":true},{"start":{"line":169,"column":79},"end":{"line":178,"column":9},"skip":true}]},"17":{"line":180,"type":"binary-expr","locations":[{"start":{"line":180,"column":41},"end":{"line":180,"column":71},"skip":true},{"start":{"line":180,"column":75},"end":{"line":189,"column":9},"skip":true}]}},"code":["/* istanbul instrument in package npmtest_slm */","/*jslint","    bitwise: true,","    browser: true,","    maxerr: 8,","    maxlen: 96,","    node: true,","    nomen: true,","    regexp: true,","    stupid: true","*/","(function () {","    'use strict';","    var local;","","","","    // run shared js-env code - pre-init","    (function () {","        // init local","        local = {};","        // init modeJs","        local.modeJs = (function () {","            try {","                return typeof navigator.userAgent === 'string' &&","                    typeof document.querySelector('body') === 'object' &&","                    typeof XMLHttpRequest.prototype.open === 'function' &&","                    'browser';","            } catch (errorCaughtBrowser) {","                return module.exports &&","                    typeof process.versions.node === 'string' &&","                    typeof require('http').createServer === 'function' &&","                    'node';","            }","        }());","        // init global","        local.global = local.modeJs === 'browser'","            ? window","            : global;","        switch (local.modeJs) {","        // re-init local from window.local","        case 'browser':","            local = local.global.utility2.objectSetDefault(","                local.global.utility2_rollup || local.global.local,","                local.global.utility2","            );","            break;","        // re-init local from example.js","        case 'node':","            local = (local.global.utility2_rollup || require('utility2'))","                .requireReadme();","            break;","        }","        // export local","        local.global.local = local;","    }());","","","","    // run shared js-env code - function","    (function () {","        return;","    }());","    switch (local.modeJs) {","","","","    // run browser js-env code - function","    case 'browser':","        break;","","","","    // run node js-env code - function","    case 'node':","        break;","    }","","","","    // run shared js-env code - post-init","    (function () {","        return;","    }());","    switch (local.modeJs) {","","","","    // run browser js-env code - post-init","    case 'browser':","        local.testCase_browser_nullCase = local.testCase_browser_nullCase || function (","            options,","            onError","        ) {","        /*","         * this function will test browsers's null-case handling-behavior-behavior","         */","            onError(null, options);","        };","","        // run tests","        local.nop(local.modeTest &&","            document.querySelector('#testRunButton1') &&","            document.querySelector('#testRunButton1').click());","        break;","","","","    // run node js-env code - post-init","    /* istanbul ignore next */","    case 'node':","        local.testCase_buildApidoc_default = local.testCase_buildApidoc_default || function (","            options,","            onError","        ) {","        /*","         * this function will test buildApidoc's default handling-behavior-behavior","         */","            options = { modulePathList: module.paths };","            local.buildApidoc(options, onError);","        };","","        local.testCase_buildApp_default = local.testCase_buildApp_default || function (","            options,","            onError","        ) {","        /*","         * this function will test buildApp's default handling-behavior-behavior","         */","            local.testCase_buildReadme_default(options, local.onErrorThrow);","            local.testCase_buildLib_default(options, local.onErrorThrow);","            local.testCase_buildTest_default(options, local.onErrorThrow);","            local.testCase_buildCustomOrg_default(options, local.onErrorThrow);","            options = [];","            local.buildApp(options, onError);","        };","","        local.testCase_buildCustomOrg_default = local.testCase_buildCustomOrg_default ||","            function (options, onError) {","            /*","             * this function will test buildCustomOrg's default handling-behavior","             */","                options = {};","                local.buildCustomOrg(options, onError);","            };","","        local.testCase_buildLib_default = local.testCase_buildLib_default || function (","            options,","            onError","        ) {","        /*","         * this function will test buildLib's default handling-behavior","         */","            options = {};","            local.buildLib(options, onError);","        };","","        local.testCase_buildReadme_default = local.testCase_buildReadme_default || function (","            options,","            onError","        ) {","        /*","         * this function will test buildReadme's default handling-behavior-behavior","         */","            options = {};","            local.buildReadme(options, onError);","        };","","        local.testCase_buildTest_default = local.testCase_buildTest_default || function (","            options,","            onError","        ) {","        /*","         * this function will test buildTest's default handling-behavior","         */","            options = {};","            local.buildTest(options, onError);","        };","","        local.testCase_webpage_default = local.testCase_webpage_default || function (","            options,","            onError","        ) {","        /*","         * this function will test webpage's default handling-behavior","         */","            options = { modeCoverageMerge: true, url: local.serverLocalHost + '?modeTest=1' };","            local.browserTest(options, onError);","        };","","        // run test-server","        local.testRunServer(local);","        break;","    }","}());",""],"l":{"12":2,"14":2,"19":2,"21":2,"23":2,"24":2,"25":2,"30":1,"37":2,"40":2,"43":1,"47":1,"50":1,"52":1,"55":2,"61":2,"62":2,"64":2,"70":1,"76":1,"82":2,"83":2,"85":2,"91":1,"98":1,"102":1,"105":1,"112":1,"119":1,"120":1,"123":1,"130":1,"131":1,"132":1,"133":1,"134":1,"135":1,"138":1,"143":2,"144":2,"147":1,"154":2,"155":2,"158":1,"165":2,"166":2,"169":1,"176":2,"177":2,"180":1,"187":1,"188":1,"192":1,"193":1}},"/home/travis/build/npmtest/node-npmtest-slm/lib.npmtest_slm.js":{"path":"/home/travis/build/npmtest/node-npmtest-slm/lib.npmtest_slm.js","s":{"1":2,"2":2,"3":2,"4":2,"5":2,"6":2,"7":2,"8":1,"9":2,"10":2,"11":2,"12":2,"13":1,"14":1,"15":1,"16":1},"b":{"1":[2,1,1,1],"2":[1,1,1,1],"3":[1,1],"4":[2,2],"5":[1,1]},"f":{"1":2,"2":2,"3":2},"fnMap":{"1":{"name":"(anonymous_1)","line":12,"loc":{"start":{"line":12,"column":1},"end":{"line":12,"column":13}}},"2":{"name":"(anonymous_2)","line":19,"loc":{"start":{"line":19,"column":5},"end":{"line":19,"column":17}}},"3":{"name":"(anonymous_3)","line":23,"loc":{"start":{"line":23,"column":24},"end":{"line":23,"column":36}}}},"statementMap":{"1":{"start":{"line":12,"column":0},"end":{"line":53,"column":5}},"2":{"start":{"line":14,"column":4},"end":{"line":14,"column":14}},"3":{"start":{"line":19,"column":4},"end":{"line":52,"column":9}},"4":{"start":{"line":21,"column":8},"end":{"line":21,"column":19}},"5":{"start":{"line":23,"column":8},"end":{"line":35,"column":13}},"6":{"start":{"line":24,"column":12},"end":{"line":34,"column":13}},"7":{"start":{"line":25,"column":16},"end":{"line":28,"column":30}},"8":{"start":{"line":30,"column":16},"end":{"line":33,"column":27}},"9":{"start":{"line":37,"column":8},"end":{"line":39,"column":21}},"10":{"start":{"line":41,"column":8},"end":{"line":41,"column":54}},"11":{"start":{"line":43,"column":8},"end":{"line":43,"column":48}},"12":{"start":{"line":45,"column":8},"end":{"line":51,"column":9}},"13":{"start":{"line":46,"column":12},"end":{"line":46,"column":54}},"14":{"start":{"line":48,"column":12},"end":{"line":48,"column":35}},"15":{"start":{"line":49,"column":12},"end":{"line":49,"column":49}},"16":{"start":{"line":50,"column":12},"end":{"line":50,"column":43}}},"branchMap":{"1":{"line":25,"type":"binary-expr","locations":[{"start":{"line":25,"column":23},"end":{"line":25,"column":62}},{"start":{"line":26,"column":20},"end":{"line":26,"column":70}},{"start":{"line":27,"column":20},"end":{"line":27,"column":71}},{"start":{"line":28,"column":20},"end":{"line":28,"column":29}}]},"2":{"line":30,"type":"binary-expr","locations":[{"start":{"line":30,"column":23},"end":{"line":30,"column":37}},{"start":{"line":31,"column":20},"end":{"line":31,"column":61}},{"start":{"line":32,"column":20},"end":{"line":32,"column":70}},{"start":{"line":33,"column":20},"end":{"line":33,"column":26}}]},"3":{"line":37,"type":"cond-expr","locations":[{"start":{"line":38,"column":14},"end":{"line":38,"column":20}},{"start":{"line":39,"column":14},"end":{"line":39,"column":20}}]},"4":{"line":41,"type":"binary-expr","locations":[{"start":{"line":41,"column":16},"end":{"line":41,"column":44}},{"start":{"line":41,"column":48},"end":{"line":41,"column":53}}]},"5":{"line":45,"type":"if","locations":[{"start":{"line":45,"column":8},"end":{"line":45,"column":8}},{"start":{"line":45,"column":8},"end":{"line":45,"column":8}}]}},"code":["/* istanbul instrument in package npmtest_slm */","/*jslint","    bitwise: true,","    browser: true,","    maxerr: 8,","    maxlen: 96,","    node: true,","    nomen: true,","    regexp: true,","    stupid: true","*/","(function () {","    'use strict';","    var local;","","","","    // run shared js-env code - pre-init","    (function () {","        // init local","        local = {};","        // init modeJs","        local.modeJs = (function () {","            try {","                return typeof navigator.userAgent === 'string' &&","                    typeof document.querySelector('body') === 'object' &&","                    typeof XMLHttpRequest.prototype.open === 'function' &&","                    'browser';","            } catch (errorCaughtBrowser) {","                return module.exports &&","                    typeof process.versions.node === 'string' &&","                    typeof require('http').createServer === 'function' &&","                    'node';","            }","        }());","        // init global","        local.global = local.modeJs === 'browser'","            ? window","            : global;","        // init utility2_rollup","        local = local.global.utility2_rollup || local;","        // init lib","        local.local = local.npmtest_slm = local;","        // init exports","        if (local.modeJs === 'browser') {","            local.global.utility2_npmtest_slm = local;","        } else {","            module.exports = local;","            module.exports.__dirname = __dirname;","            module.exports.module = module;","        }","    }());","}());",""],"l":{"12":2,"14":2,"19":2,"21":2,"23":2,"24":2,"25":2,"30":1,"37":2,"41":2,"43":2,"45":2,"46":1,"48":1,"49":1,"50":1}},"/home/travis/build/npmtest/node-npmtest-slm/example.js":{"path":"/home/travis/build/npmtest/node-npmtest-slm/example.js","s":{"1":2,"2":2,"3":2,"4":2,"5":2,"6":2,"7":2,"8":1,"9":2,"10":2,"11":2,"12":2,"13":1,"14":2,"15":2,"16":2,"17":2,"18":2,"19":0,"20":2,"21":1,"22":1,"23":1,"24":1,"25":1,"26":0,"27":0,"28":1,"29":1,"30":2,"31":0,"32":0,"33":0,"34":1,"35":2,"36":2,"37":3,"38":3,"39":3,"40":3,"41":0,"42":3,"43":3,"44":3,"45":1,"46":3,"47":1,"48":1,"49":1,"50":1,"51":1,"52":1,"53":1,"54":1,"55":1,"56":1,"57":0,"58":1,"59":6,"60":6,"61":1,"62":2,"63":0,"64":2,"65":1,"66":1,"67":0,"68":0,"69":0,"70":0,"71":0,"72":0,"73":0,"74":0,"75":0,"76":0,"77":0,"78":0,"79":0,"80":0,"81":0,"82":0,"83":0},"b":{"1":[2,1,1,1],"2":[1,1,1,1],"3":[1,1],"4":[2,2],"5":[1,1],"6":[1,1],"7":[2,0],"8":[2,1,1,1,1,1],"9":[0,2,0],"10":[1,1],"11":[2,1,1],"12":[1,0],"13":[0,2],"14":[2,0,0,0,0,0,0],"15":[0,3],"16":[3,0],"17":[1,1],"18":[0,1],"19":[1,2,0,2],"20":[1,0],"21":[1,1],"22":[0,0],"23":[0,0],"24":[0,0],"25":[0,0],"26":[0,0],"27":[0,0],"28":[0,0]},"f":{"1":2,"2":2,"3":2,"4":2,"5":2,"6":2,"7":3,"8":3,"9":3,"10":1,"11":6,"12":0},"fnMap":{"1":{"name":"(anonymous_1)","line":26,"loc":{"start":{"line":26,"column":1},"end":{"line":26,"column":13}}},"2":{"name":"(anonymous_2)","line":33,"loc":{"start":{"line":33,"column":5},"end":{"line":33,"column":17}}},"3":{"name":"(anonymous_3)","line":37,"loc":{"start":{"line":37,"column":24},"end":{"line":37,"column":36}}},"4":{"name":"(anonymous_4)","line":69,"loc":{"start":{"line":69,"column":31},"end":{"line":69,"column":48}},"skip":true},"5":{"name":"(anonymous_5)","line":78,"loc":{"start":{"line":78,"column":26},"end":{"line":78,"column":45}},"skip":true},"6":{"name":"(anonymous_6)","line":123,"loc":{"start":{"line":123,"column":33},"end":{"line":123,"column":48}},"skip":true},"7":{"name":"(anonymous_7)","line":125,"loc":{"start":{"line":125,"column":27},"end":{"line":125,"column":39}},"skip":true},"8":{"name":"(anonymous_8)","line":133,"loc":{"start":{"line":133,"column":59},"end":{"line":133,"column":74}},"skip":true},"9":{"name":"(anonymous_9)","line":143,"loc":{"start":{"line":143,"column":45},"end":{"line":143,"column":62}},"skip":true},"10":{"name":"(anonymous_10)","line":144,"loc":{"start":{"line":144,"column":73},"end":{"line":144,"column":92}},"skip":true},"11":{"name":"(anonymous_11)","line":272,"loc":{"start":{"line":272,"column":51},"end":{"line":272,"column":77}},"skip":true},"12":{"name":"(anonymous_12)","line":315,"loc":{"start":{"line":315,"column":32},"end":{"line":315,"column":61}},"skip":true}},"statementMap":{"1":{"start":{"line":26,"column":0},"end":{"line":326,"column":5}},"2":{"start":{"line":28,"column":4},"end":{"line":28,"column":14}},"3":{"start":{"line":33,"column":4},"end":{"line":60,"column":9}},"4":{"start":{"line":35,"column":8},"end":{"line":35,"column":19}},"5":{"start":{"line":37,"column":8},"end":{"line":49,"column":13}},"6":{"start":{"line":38,"column":12},"end":{"line":48,"column":13}},"7":{"start":{"line":39,"column":16},"end":{"line":42,"column":30}},"8":{"start":{"line":44,"column":16},"end":{"line":47,"column":27}},"9":{"start":{"line":51,"column":8},"end":{"line":53,"column":21}},"10":{"start":{"line":55,"column":8},"end":{"line":57,"column":45}},"11":{"start":{"line":59,"column":8},"end":{"line":59,"column":35}},"12":{"start":{"line":61,"column":4},"end":{"line":325,"column":5}},"13":{"start":{"line":69,"column":8},"end":{"line":121,"column":10},"skip":true},"14":{"start":{"line":70,"column":12},"end":{"line":88,"column":13},"skip":true},"15":{"start":{"line":76,"column":16},"end":{"line":87,"column":19},"skip":true},"16":{"start":{"line":79,"column":20},"end":{"line":86,"column":21},"skip":true},"17":{"start":{"line":82,"column":24},"end":{"line":82,"column":43},"skip":true},"18":{"start":{"line":83,"column":24},"end":{"line":83,"column":30},"skip":true},"19":{"start":{"line":85,"column":24},"end":{"line":85,"column":49},"skip":true},"20":{"start":{"line":89,"column":12},"end":{"line":107,"column":13},"skip":true},"21":{"start":{"line":92,"column":16},"end":{"line":102,"column":17},"skip":true},"22":{"start":{"line":93,"column":20},"end":{"line":93,"column":86},"skip":true},"23":{"start":{"line":94,"column":20},"end":{"line":95,"column":45},"skip":true},"24":{"start":{"line":96,"column":20},"end":{"line":96,"column":42},"skip":true},"25":{"start":{"line":97,"column":20},"end":{"line":97,"column":48},"skip":true},"26":{"start":{"line":100,"column":20},"end":{"line":100,"column":85},"skip":true},"27":{"start":{"line":101,"column":20},"end":{"line":101,"column":96},"skip":true},"28":{"start":{"line":103,"column":16},"end":{"line":103,"column":22},"skip":true},"29":{"start":{"line":106,"column":16},"end":{"line":106,"column":22},"skip":true},"30":{"start":{"line":108,"column":12},"end":{"line":120,"column":13},"skip":true},"31":{"start":{"line":114,"column":16},"end":{"line":119,"column":17},"skip":true},"32":{"start":{"line":116,"column":20},"end":{"line":116,"column":78},"skip":true},"33":{"start":{"line":118,"column":20},"end":{"line":118,"column":47},"skip":true},"34":{"start":{"line":123,"column":8},"end":{"line":141,"column":11},"skip":true},"35":{"start":{"line":124,"column":12},"end":{"line":124,"column":54},"skip":true},"36":{"start":{"line":125,"column":12},"end":{"line":140,"column":14},"skip":true},"37":{"start":{"line":126,"column":16},"end":{"line":126,"column":28},"skip":true},"38":{"start":{"line":127,"column":16},"end":{"line":127,"column":69},"skip":true},"39":{"start":{"line":128,"column":16},"end":{"line":128,"column":75},"skip":true},"40":{"start":{"line":129,"column":16},"end":{"line":131,"column":17},"skip":true},"41":{"start":{"line":130,"column":20},"end":{"line":130,"column":27},"skip":true},"42":{"start":{"line":133,"column":16},"end":{"line":137,"column":36},"skip":true},"43":{"start":{"line":134,"column":20},"end":{"line":136,"column":55},"skip":true},"44":{"start":{"line":139,"column":16},"end":{"line":139,"column":57},"skip":true},"45":{"start":{"line":143,"column":8},"end":{"line":147,"column":11},"skip":true},"46":{"start":{"line":144,"column":12},"end":{"line":146,"column":15},"skip":true},"47":{"start":{"line":145,"column":16},"end":{"line":145,"column":70},"skip":true},"48":{"start":{"line":149,"column":8},"end":{"line":149,"column":31},"skip":true},"49":{"start":{"line":150,"column":8},"end":{"line":150,"column":14},"skip":true},"50":{"start":{"line":158,"column":8},"end":{"line":158,"column":31},"skip":true},"51":{"start":{"line":160,"column":8},"end":{"line":160,"column":33},"skip":true},"52":{"start":{"line":161,"column":8},"end":{"line":161,"column":37},"skip":true},"53":{"start":{"line":162,"column":8},"end":{"line":162,"column":35},"skip":true},"54":{"start":{"line":164,"column":8},"end":{"line":164,"column":50},"skip":true},"55":{"start":{"line":166,"column":8},"end":{"line":256,"column":2},"skip":true},"56":{"start":{"line":258,"column":8},"end":{"line":286,"column":9},"skip":true},"57":{"start":{"line":259,"column":12},"end":{"line":269,"column":14},"skip":true},"58":{"start":{"line":271,"column":12},"end":{"line":285,"column":19},"skip":true},"59":{"start":{"line":274,"column":20},"end":{"line":274,"column":35},"skip":true},"60":{"start":{"line":275,"column":20},"end":{"line":284,"column":21},"skip":true},"61":{"start":{"line":277,"column":24},"end":{"line":277,"column":64},"skip":true},"62":{"start":{"line":279,"column":24},"end":{"line":279,"column":40},"skip":true},"63":{"start":{"line":281,"column":24},"end":{"line":281,"column":40},"skip":true},"64":{"start":{"line":283,"column":24},"end":{"line":283,"column":39},"skip":true},"65":{"start":{"line":288,"column":8},"end":{"line":290,"column":9},"skip":true},"66":{"start":{"line":289,"column":12},"end":{"line":289,"column":18},"skip":true},"67":{"start":{"line":291,"column":8},"end":{"line":293,"column":54},"skip":true},"68":{"start":{"line":296,"column":8},"end":{"line":301,"column":37},"skip":true},"69":{"start":{"line":303,"column":8},"end":{"line":303,"column":82},"skip":true},"70":{"start":{"line":306,"column":8},"end":{"line":308,"column":9},"skip":true},"71":{"start":{"line":307,"column":12},"end":{"line":307,"column":82},"skip":true},"72":{"start":{"line":310,"column":8},"end":{"line":312,"column":9},"skip":true},"73":{"start":{"line":311,"column":12},"end":{"line":311,"column":18},"skip":true},"74":{"start":{"line":313,"column":8},"end":{"line":313,"column":54},"skip":true},"75":{"start":{"line":314,"column":8},"end":{"line":314,"column":69},"skip":true},"76":{"start":{"line":315,"column":8},"end":{"line":323,"column":36},"skip":true},"77":{"start":{"line":316,"column":12},"end":{"line":316,"column":61},"skip":true},"78":{"start":{"line":317,"column":12},"end":{"line":320,"column":13},"skip":true},"79":{"start":{"line":318,"column":16},"end":{"line":318,"column":75},"skip":true},"80":{"start":{"line":319,"column":16},"end":{"line":319,"column":23},"skip":true},"81":{"start":{"line":321,"column":12},"end":{"line":321,"column":38},"skip":true},"82":{"start":{"line":322,"column":12},"end":{"line":322,"column":27},"skip":true},"83":{"start":{"line":324,"column":8},"end":{"line":324,"column":14},"skip":true}},"branchMap":{"1":{"line":39,"type":"binary-expr","locations":[{"start":{"line":39,"column":23},"end":{"line":39,"column":62}},{"start":{"line":40,"column":20},"end":{"line":40,"column":70}},{"start":{"line":41,"column":20},"end":{"line":41,"column":71}},{"start":{"line":42,"column":20},"end":{"line":42,"column":29}}]},"2":{"line":44,"type":"binary-expr","locations":[{"start":{"line":44,"column":23},"end":{"line":44,"column":37}},{"start":{"line":45,"column":20},"end":{"line":45,"column":61}},{"start":{"line":46,"column":20},"end":{"line":46,"column":70}},{"start":{"line":47,"column":20},"end":{"line":47,"column":26}}]},"3":{"line":51,"type":"cond-expr","locations":[{"start":{"line":52,"column":14},"end":{"line":52,"column":20}},{"start":{"line":53,"column":14},"end":{"line":53,"column":20}}]},"4":{"line":55,"type":"binary-expr","locations":[{"start":{"line":55,"column":16},"end":{"line":55,"column":44}},{"start":{"line":55,"column":49},"end":{"line":57,"column":43}}]},"5":{"line":55,"type":"cond-expr","locations":[{"start":{"line":56,"column":14},"end":{"line":56,"column":47}},{"start":{"line":57,"column":14},"end":{"line":57,"column":43}}]},"6":{"line":61,"type":"switch","locations":[{"start":{"line":68,"column":4},"end":{"line":150,"column":14},"skip":true},{"start":{"line":156,"column":4},"end":{"line":324,"column":14},"skip":true}]},"7":{"line":70,"type":"if","locations":[{"start":{"line":70,"column":12},"end":{"line":70,"column":12},"skip":true},{"start":{"line":70,"column":12},"end":{"line":70,"column":12},"skip":true}]},"8":{"line":70,"type":"binary-expr","locations":[{"start":{"line":70,"column":16},"end":{"line":70,"column":22},"skip":true},{"start":{"line":70,"column":27},"end":{"line":70,"column":32},"skip":true},{"start":{"line":71,"column":20},"end":{"line":71,"column":39},"skip":true},{"start":{"line":72,"column":20},"end":{"line":72,"column":49},"skip":true},{"start":{"line":73,"column":20},"end":{"line":73,"column":58},"skip":true},{"start":{"line":74,"column":20},"end":{"line":74,"column":69},"skip":true}]},"9":{"line":79,"type":"switch","locations":[{"start":{"line":80,"column":20},"end":{"line":80,"column":33},"skip":true},{"start":{"line":81,"column":20},"end":{"line":83,"column":30},"skip":true},{"start":{"line":84,"column":20},"end":{"line":85,"column":49},"skip":true}]},"10":{"line":89,"type":"switch","locations":[{"start":{"line":90,"column":12},"end":{"line":103,"column":22},"skip":true},{"start":{"line":105,"column":12},"end":{"line":106,"column":22},"skip":true}]},"11":{"line":89,"type":"binary-expr","locations":[{"start":{"line":89,"column":20},"end":{"line":89,"column":25},"skip":true},{"start":{"line":89,"column":29},"end":{"line":89,"column":48},"skip":true},{"start":{"line":89,"column":52},"end":{"line":89,"column":74},"skip":true}]},"12":{"line":92,"type":"if","locations":[{"start":{"line":92,"column":16},"end":{"line":92,"column":16},"skip":true},{"start":{"line":92,"column":16},"end":{"line":92,"column":16},"skip":true}]},"13":{"line":108,"type":"if","locations":[{"start":{"line":108,"column":12},"end":{"line":108,"column":12},"skip":true},{"start":{"line":108,"column":12},"end":{"line":108,"column":12},"skip":true}]},"14":{"line":108,"type":"binary-expr","locations":[{"start":{"line":108,"column":16},"end":{"line":108,"column":61},"skip":true},{"start":{"line":108,"column":66},"end":{"line":108,"column":72},"skip":true},{"start":{"line":108,"column":77},"end":{"line":108,"column":82},"skip":true},{"start":{"line":109,"column":20},"end":{"line":109,"column":39},"skip":true},{"start":{"line":110,"column":20},"end":{"line":110,"column":49},"skip":true},{"start":{"line":111,"column":20},"end":{"line":111,"column":58},"skip":true},{"start":{"line":112,"column":20},"end":{"line":112,"column":68},"skip":true}]},"15":{"line":129,"type":"if","locations":[{"start":{"line":129,"column":16},"end":{"line":129,"column":16},"skip":true},{"start":{"line":129,"column":16},"end":{"line":129,"column":16},"skip":true}]},"16":{"line":134,"type":"cond-expr","locations":[{"start":{"line":135,"column":26},"end":{"line":135,"column":29},"skip":true},{"start":{"line":136,"column":26},"end":{"line":136,"column":54},"skip":true}]},"17":{"line":164,"type":"binary-expr","locations":[{"start":{"line":164,"column":27},"end":{"line":164,"column":43},"skip":true},{"start":{"line":164,"column":47},"end":{"line":164,"column":49},"skip":true}]},"18":{"line":258,"type":"if","locations":[{"start":{"line":258,"column":8},"end":{"line":258,"column":8},"skip":true},{"start":{"line":258,"column":8},"end":{"line":258,"column":8},"skip":true}]},"19":{"line":275,"type":"switch","locations":[{"start":{"line":276,"column":20},"end":{"line":277,"column":64},"skip":true},{"start":{"line":278,"column":20},"end":{"line":279,"column":40},"skip":true},{"start":{"line":280,"column":20},"end":{"line":281,"column":40},"skip":true},{"start":{"line":282,"column":20},"end":{"line":283,"column":39},"skip":true}]},"20":{"line":288,"type":"if","locations":[{"start":{"line":288,"column":8},"end":{"line":288,"column":8},"skip":true},{"start":{"line":288,"column":8},"end":{"line":288,"column":8},"skip":true}]},"21":{"line":288,"type":"binary-expr","locations":[{"start":{"line":288,"column":12},"end":{"line":288,"column":40},"skip":true},{"start":{"line":288,"column":44},"end":{"line":288,"column":67},"skip":true}]},"22":{"line":292,"type":"binary-expr","locations":[{"start":{"line":292,"column":12},"end":{"line":292,"column":50},"skip":true},{"start":{"line":293,"column":12},"end":{"line":293,"column":53},"skip":true}]},"23":{"line":297,"type":"binary-expr","locations":[{"start":{"line":297,"column":12},"end":{"line":297,"column":61},"skip":true},{"start":{"line":298,"column":12},"end":{"line":301,"column":36},"skip":true}]},"24":{"line":303,"type":"binary-expr","locations":[{"start":{"line":303,"column":43},"end":{"line":303,"column":75},"skip":true},{"start":{"line":303,"column":79},"end":{"line":303,"column":81},"skip":true}]},"25":{"line":306,"type":"if","locations":[{"start":{"line":306,"column":8},"end":{"line":306,"column":8},"skip":true},{"start":{"line":306,"column":8},"end":{"line":306,"column":8},"skip":true}]},"26":{"line":310,"type":"if","locations":[{"start":{"line":310,"column":8},"end":{"line":310,"column":8},"skip":true},{"start":{"line":310,"column":8},"end":{"line":310,"column":8},"skip":true}]},"27":{"line":313,"type":"binary-expr","locations":[{"start":{"line":313,"column":27},"end":{"line":313,"column":43},"skip":true},{"start":{"line":313,"column":47},"end":{"line":313,"column":53},"skip":true}]},"28":{"line":317,"type":"if","locations":[{"start":{"line":317,"column":12},"end":{"line":317,"column":12},"skip":true},{"start":{"line":317,"column":12},"end":{"line":317,"column":12},"skip":true}]}},"code":["/*","example.js","","quickstart example","","instruction","    1. save this script as example.js","    2. run the shell command:","        $ npm install npmtest-slm && PORT=8081 node example.js","    3. play with the browser-demo on http://127.0.0.1:8081","*/","","","","/* istanbul instrument in package npmtest_slm */","/*jslint","    bitwise: true,","    browser: true,","    maxerr: 8,","    maxlen: 96,","    node: true,","    nomen: true,","    regexp: true,","    stupid: true","*/","(function () {","    'use strict';","    var local;","","","","    // run shared js-env code - pre-init","    (function () {","        // init local","        local = {};","        // init modeJs","        local.modeJs = (function () {","            try {","                return typeof navigator.userAgent === 'string' &&","                    typeof document.querySelector('body') === 'object' &&","                    typeof XMLHttpRequest.prototype.open === 'function' &&","                    'browser';","            } catch (errorCaughtBrowser) {","                return module.exports &&","                    typeof process.versions.node === 'string' &&","                    typeof require('http').createServer === 'function' &&","                    'node';","            }","        }());","        // init global","        local.global = local.modeJs === 'browser'","            ? window","            : global;","        // init utility2_rollup","        local = local.global.utility2_rollup || (local.modeJs === 'browser'","            ? local.global.utility2_npmtest_slm","            : global.utility2_moduleExports);","        // export local","        local.global.local = local;","    }());","    switch (local.modeJs) {","","","","    // post-init","    // run browser js-env code - post-init","    /* istanbul ignore next */","    case 'browser':","        local.testRunBrowser = function (event) {","            if (!event || (event &&","                    event.currentTarget &&","                    event.currentTarget.className &&","                    event.currentTarget.className.includes &&","                    event.currentTarget.className.includes('onreset'))) {","                // reset output","                Array.from(","                    document.querySelectorAll('body > .resettable')","                ).forEach(function (element) {","                    switch (element.tagName) {","                    case 'INPUT':","                    case 'TEXTAREA':","                        element.value = '';","                        break;","                    default:","                        element.textContent = '';","                    }","                });","            }","            switch (event && event.currentTarget && event.currentTarget.id) {","            case 'testRunButton1':","                // show tests","                if (document.querySelector('#testReportDiv1').style.display === 'none') {","                    document.querySelector('#testReportDiv1').style.display = 'block';","                    document.querySelector('#testRunButton1').textContent =","                        'hide internal test';","                    local.modeTest = true;","                    local.testRunDefault(local);","                // hide tests","                } else {","                    document.querySelector('#testReportDiv1').style.display = 'none';","                    document.querySelector('#testRunButton1').textContent = 'run internal test';","                }","                break;","            // custom-case","            default:","                break;","            }","            if (document.querySelector('#inputTextareaEval1') && (!event || (event &&","                    event.currentTarget &&","                    event.currentTarget.className &&","                    event.currentTarget.className.includes &&","                    event.currentTarget.className.includes('oneval')))) {","                // try to eval input-code","                try {","                    /*jslint evil: true*/","                    eval(document.querySelector('#inputTextareaEval1').value);","                } catch (errorCaught) {","                    console.error(errorCaught);","                }","            }","        };","        // log stderr and stdout to #outputTextareaStdout1","        ['error', 'log'].forEach(function (key) {","            console[key + '_original'] = console[key];","            console[key] = function () {","                var element;","                console[key + '_original'].apply(console, arguments);","                element = document.querySelector('#outputTextareaStdout1');","                if (!element) {","                    return;","                }","                // append text to #outputTextareaStdout1","                element.value += Array.from(arguments).map(function (arg) {","                    return typeof arg === 'string'","                        ? arg","                        : JSON.stringify(arg, null, 4);","                }).join(' ') + '\\n';","                // scroll textarea to bottom","                element.scrollTop = element.scrollHeight;","            };","        });","        // init event-handling","        ['change', 'click', 'keyup'].forEach(function (event) {","            Array.from(document.querySelectorAll('.on' + event)).forEach(function (element) {","                element.addEventListener(event, local.testRunBrowser);","            });","        });","        // run tests","        local.testRunBrowser();","        break;","","","","    // run node js-env code - post-init","    /* istanbul ignore next */","    case 'node':","        // export local","        module.exports = local;","        // require modules","        local.fs = require('fs');","        local.http = require('http');","        local.url = require('url');","        // init assets","        local.assetsDict = local.assetsDict || {};","        /* jslint-ignore-begin */","        local.assetsDict['/assets.index.template.html'] = '\\","<!doctype html>\\n\\","<html lang=\"en\">\\n\\","<head>\\n\\","<meta charset=\"UTF-8\">\\n\\","<meta name=\"viewport\" content=\"width=device-width, initial-scale=1\">\\n\\","<title>{{env.npm_package_name}} (v{{env.npm_package_version}})</title>\\n\\","<style>\\n\\","/*csslint\\n\\","    box-sizing: false,\\n\\","    universal-selector: false\\n\\","*/\\n\\","* {\\n\\","    box-sizing: border-box;\\n\\","}\\n\\","body {\\n\\","    background: #dde;\\n\\","    font-family: Arial, Helvetica, sans-serif;\\n\\","    margin: 2rem;\\n\\","}\\n\\","body > * {\\n\\","    margin-bottom: 1rem;\\n\\","}\\n\\",".utility2FooterDiv {\\n\\","    margin-top: 20px;\\n\\","    text-align: center;\\n\\","}\\n\\","</style>\\n\\","<style>\\n\\","/*csslint\\n\\","*/\\n\\","textarea {\\n\\","    font-family: monospace;\\n\\","    height: 10rem;\\n\\","    width: 100%;\\n\\","}\\n\\","textarea[readonly] {\\n\\","    background: #ddd;\\n\\","}\\n\\","</style>\\n\\","</head>\\n\\","<body>\\n\\","<!-- utility2-comment\\n\\","<div id=\"ajaxProgressDiv1\" style=\"background: #d00; height: 2px; left: 0; margin: 0; padding: 0; position: fixed; top: 0; transition: background 0.5s, width 1.5s; width: 25%;\"></div>\\n\\","utility2-comment -->\\n\\","<h1>\\n\\","<!-- utility2-comment\\n\\","    <a\\n\\","        {{#if env.npm_package_homepage}}\\n\\","        href=\"{{env.npm_package_homepage}}\"\\n\\","        {{/if env.npm_package_homepage}}\\n\\","        target=\"_blank\"\\n\\","    >\\n\\","utility2-comment -->\\n\\","        {{env.npm_package_name}} (v{{env.npm_package_version}})\\n\\","<!-- utility2-comment\\n\\","    </a>\\n\\","utility2-comment -->\\n\\","</h1>\\n\\","<h3>{{env.npm_package_description}}</h3>\\n\\","<!-- utility2-comment\\n\\","<h4><a download href=\"assets.app.js\">download standalone app</a></h4>\\n\\","<button class=\"onclick onreset\" id=\"testRunButton1\">run internal test</button><br>\\n\\","<div id=\"testReportDiv1\" style=\"display: none;\"></div>\\n\\","utility2-comment -->\\n\\","\\n\\","\\n\\","\\n\\","<label>stderr and stdout</label>\\n\\","<textarea class=\"resettable\" id=\"outputTextareaStdout1\" readonly></textarea>\\n\\","<!-- utility2-comment\\n\\","{{#if isRollup}}\\n\\","<script src=\"assets.app.js\"></script>\\n\\","{{#unless isRollup}}\\n\\","utility2-comment -->\\n\\","<script src=\"assets.utility2.rollup.js\"></script>\\n\\","<script src=\"jsonp.utility2._stateInit?callback=window.utility2._stateInit\"></script>\\n\\","<script src=\"assets.npmtest_slm.rollup.js\"></script>\\n\\","<script src=\"assets.example.js\"></script>\\n\\","<script src=\"assets.test.js\"></script>\\n\\","<!-- utility2-comment\\n\\","{{/if isRollup}}\\n\\","utility2-comment -->\\n\\","<div class=\"utility2FooterDiv\">\\n\\","    [ this app was created with\\n\\","    <a href=\"https://github.com/kaizhu256/node-utility2\" target=\"_blank\">utility2</a>\\n\\","    ]\\n\\","</div>\\n\\","</body>\\n\\","</html>\\n\\","';","        /* jslint-ignore-end */","        if (local.templateRender) {","            local.assetsDict['/'] = local.templateRender(","                local.assetsDict['/assets.index.template.html'],","                {","                    env: local.objectSetDefault(local.env, {","                        npm_package_description: 'the greatest app in the world!',","                        npm_package_name: 'my-app',","                        npm_package_nameAlias: 'my_app',","                        npm_package_version: '0.0.1'","                    })","                }","            );","        } else {","            local.assetsDict['/'] = local.assetsDict['/assets.index.template.html']","                .replace((/\\{\\{env\\.(\\w+?)\\}\\}/g), function (match0, match1) {","                    // jslint-hack","                    String(match0);","                    switch (match1) {","                    case 'npm_package_description':","                        return 'the greatest app in the world!';","                    case 'npm_package_name':","                        return 'my-app';","                    case 'npm_package_nameAlias':","                        return 'my_app';","                    case 'npm_package_version':","                        return '0.0.1';","                    }","                });","        }","        // run the cli","        if (local.global.utility2_rollup || module !== require.main) {","            break;","        }","        local.assetsDict['/assets.example.js'] =","            local.assetsDict['/assets.example.js'] ||","            local.fs.readFileSync(__filename, 'utf8');","        // bug-workaround - long $npm_package_buildCustomOrg","        /* jslint-ignore-begin */","        local.assetsDict['/assets.npmtest_slm.rollup.js'] =","            local.assetsDict['/assets.npmtest_slm.rollup.js'] ||","            local.fs.readFileSync(","                local.npmtest_slm.__dirname + '/lib.npmtest_slm.js',","                'utf8'","            ).replace((/^#!/), '//');","        /* jslint-ignore-end */","        local.assetsDict['/favicon.ico'] = local.assetsDict['/favicon.ico'] || '';","        // if $npm_config_timeout_exit exists,","        // then exit this process after $npm_config_timeout_exit ms","        if (Number(process.env.npm_config_timeout_exit)) {","            setTimeout(process.exit, Number(process.env.npm_config_timeout_exit));","        }","        // start server","        if (local.global.utility2_serverHttp1) {","            break;","        }","        process.env.PORT = process.env.PORT || '8081';","        console.error('server starting on port ' + process.env.PORT);","        local.http.createServer(function (request, response) {","            request.urlParsed = local.url.parse(request.url);","            if (local.assetsDict[request.urlParsed.pathname] !== undefined) {","                response.end(local.assetsDict[request.urlParsed.pathname]);","                return;","            }","            response.statusCode = 404;","            response.end();","        }).listen(process.env.PORT);","        break;","    }","}());",""],"l":{"26":2,"28":2,"33":2,"35":2,"37":2,"38":2,"39":2,"44":1,"51":2,"55":2,"59":2,"61":2,"69":1,"70":2,"76":2,"79":2,"82":2,"83":2,"85":1,"89":2,"92":1,"93":1,"94":1,"96":1,"97":1,"100":1,"101":1,"103":1,"106":1,"108":2,"114":1,"116":1,"118":1,"123":1,"124":2,"125":2,"126":3,"127":3,"128":3,"129":3,"130":1,"133":3,"134":3,"139":3,"143":1,"144":3,"145":1,"149":1,"150":1,"158":1,"160":1,"161":1,"162":1,"164":1,"166":1,"258":1,"259":1,"271":1,"274":6,"275":6,"277":1,"279":2,"281":1,"283":2,"288":1,"289":1,"291":1,"296":1,"303":1,"306":1,"307":1,"310":1,"311":1,"313":1,"314":1,"315":1,"316":1,"317":1,"318":1,"319":1,"321":1,"322":1,"324":1}},"/home/travis/build/npmtest/node-npmtest-slm/node_modules/slm/lib/slm.js":{"path":"/home/travis/build/npmtest/node-npmtest-slm/node_modules/slm/lib/slm.js","s":{"1":1,"2":1,"3":1,"4":1,"5":1,"6":1,"7":0,"8":0,"9":0,"10":0,"11":0,"12":0,"13":0,"14":0,"15":0,"16":0,"17":0,"18":0,"19":0,"20":0,"21":0,"22":0,"23":0,"24":0,"25":0,"26":1,"27":0,"28":0,"29":0},"b":{"1":[0,0],"2":[0,0],"3":[0,0],"4":[0,0]},"f":{"1":0,"2":0,"3":0},"fnMap":{"1":{"name":"(anonymous_1)","line":10,"loc":{"start":{"line":10,"column":16},"end":{"line":10,"column":44}}},"2":{"name":"(anonymous_2)","line":11,"loc":{"start":{"line":11,"column":29},"end":{"line":11,"column":49}}},"3":{"name":"(anonymous_3)","line":46,"loc":{"start":{"line":46,"column":18},"end":{"line":46,"column":36}}}},"statementMap":{"1":{"start":{"line":1,"column":0},"end":{"line":1,"column":37}},"2":{"start":{"line":2,"column":0},"end":{"line":2,"column":50}},"3":{"start":{"line":4,"column":0},"end":{"line":4,"column":23}},"4":{"start":{"line":6,"column":0},"end":{"line":6,"column":29}},"5":{"start":{"line":8,"column":0},"end":{"line":8,"column":21}},"6":{"start":{"line":10,"column":0},"end":{"line":40,"column":2}},"7":{"start":{"line":11,"column":2},"end":{"line":39,"column":5}},"8":{"start":{"line":12,"column":4},"end":{"line":14,"column":5}},"9":{"start":{"line":13,"column":6},"end":{"line":13,"column":32}},"10":{"start":{"line":15,"column":4},"end":{"line":15,"column":30}},"11":{"start":{"line":16,"column":4},"end":{"line":16,"column":28}},"12":{"start":{"line":17,"column":4},"end":{"line":17,"column":44}},"13":{"start":{"line":18,"column":4},"end":{"line":18,"column":44}},"14":{"start":{"line":19,"column":4},"end":{"line":19,"column":35}},"15":{"start":{"line":21,"column":4},"end":{"line":23,"column":5}},"16":{"start":{"line":22,"column":6},"end":{"line":22,"column":23}},"17":{"start":{"line":25,"column":4},"end":{"line":38,"column":5}},"18":{"start":{"line":26,"column":6},"end":{"line":26,"column":39}},"19":{"start":{"line":28,"column":6},"end":{"line":30,"column":7}},"20":{"start":{"line":29,"column":8},"end":{"line":29,"column":59}},"21":{"start":{"line":32,"column":6},"end":{"line":32,"column":46}},"22":{"start":{"line":33,"column":6},"end":{"line":33,"column":55}},"23":{"start":{"line":34,"column":6},"end":{"line":34,"column":35}},"24":{"start":{"line":35,"column":6},"end":{"line":35,"column":25}},"25":{"start":{"line":37,"column":6},"end":{"line":37,"column":18}},"26":{"start":{"line":46,"column":0},"end":{"line":50,"column":2}},"27":{"start":{"line":47,"column":2},"end":{"line":47,"column":57}},"28":{"start":{"line":48,"column":2},"end":{"line":48,"column":27}},"29":{"start":{"line":49,"column":2},"end":{"line":49,"column":24}}},"branchMap":{"1":{"line":12,"type":"if","locations":[{"start":{"line":12,"column":4},"end":{"line":12,"column":4}},{"start":{"line":12,"column":4},"end":{"line":12,"column":4}}]},"2":{"line":21,"type":"if","locations":[{"start":{"line":21,"column":4},"end":{"line":21,"column":4}},{"start":{"line":21,"column":4},"end":{"line":21,"column":4}}]},"3":{"line":28,"type":"if","locations":[{"start":{"line":28,"column":6},"end":{"line":28,"column":6}},{"start":{"line":28,"column":6},"end":{"line":28,"column":6}}]},"4":{"line":28,"type":"binary-expr","locations":[{"start":{"line":28,"column":10},"end":{"line":28,"column":18}},{"start":{"line":28,"column":22},"end":{"line":28,"column":35}}]}},"code":["var Template = require('./template');","var template = new Template(require('./vm_node'));","","var FS = require('fs');","","var slm = template.exports();","","module.exports = slm;","","slm.__express = function(path, options, fn) {","  FS.readFile(path, 'utf-8', function (err, src) {","    if (err) {","      return fn(new Error(err));","    }","    var compile = slm.compile;","    var compileOptions = {};","    compileOptions.useCache = options.cache;","    compileOptions.basePath = options.views;","    compileOptions.filename = path;","","    if (!slm.__cache) {","      slm.__cache = {};","    }","","    try {","      var compiled = slm.__cache[path];","","      if (compiled && options.cache) {","        return fn(null, compiled(options, compileOptions));","      }","","      compiled = compile(src, compileOptions);","      var rendered = compiled(options, compileOptions);","      slm.__cache[path] = compiled;","      fn(null, rendered);","    } catch (e) {","      fn(e, null);","    }","  });","};","","/*","  This allows us to pass ExpressJS some options","  Note: Should only be used to initialise Slm.","*/","slm.expressOpts = function(options) {","  template = new Template(require('./vm_node'), options);","  slm = template.exports();","  return this.__express;","};",""],"l":{"1":1,"2":1,"4":1,"6":1,"8":1,"10":1,"11":0,"12":0,"13":0,"15":0,"16":0,"17":0,"18":0,"19":0,"21":0,"22":0,"25":0,"26":0,"28":0,"29":0,"32":0,"33":0,"34":0,"35":0,"37":0,"46":1,"47":0,"48":0,"49":0}},"/home/travis/build/npmtest/node-npmtest-slm/node_modules/slm/lib/template.js":{"path":"/home/travis/build/npmtest/node-npmtest-slm/node_modules/slm/lib/template.js","s":{"1":1,"2":1,"3":1,"4":1,"5":1,"6":1,"7":1,"8":1,"9":1,"10":1,"11":1,"12":1,"13":1,"14":1,"15":1,"16":1,"17":2,"18":2,"19":2,"20":2,"21":2,"22":2,"23":2,"24":2,"25":2,"26":2,"27":2,"28":2,"29":28,"30":1,"31":1,"32":2,"33":1,"34":6,"35":1,"36":0,"37":0,"38":1,"39":0,"40":0,"41":1,"42":0,"43":0,"44":0,"45":0,"46":0,"47":0,"48":0,"49":1,"50":0,"51":0,"52":0,"53":0,"54":0,"55":0,"56":0,"57":0,"58":0,"59":1,"60":0,"61":1,"62":2,"63":1},"b":{"1":[2,2],"2":[2,2],"3":[2,2],"4":[0,0],"5":[0,0],"6":[0,0],"7":[0,0],"8":[0,0],"9":[0,0]},"f":{"1":2,"2":2,"3":6,"4":0,"5":0,"6":0,"7":0,"8":0,"9":0,"10":2},"fnMap":{"1":{"name":"Template","line":17,"loc":{"start":{"line":17,"column":0},"end":{"line":17,"column":31}}},"2":{"name":"(anonymous_2)","line":40,"loc":{"start":{"line":40,"column":20},"end":{"line":40,"column":38}}},"3":{"name":"(anonymous_3)","line":59,"loc":{"start":{"line":59,"column":21},"end":{"line":59,"column":44}}},"4":{"name":"(anonymous_4)","line":63,"loc":{"start":{"line":63,"column":29},"end":{"line":63,"column":54}}},"5":{"name":"(anonymous_5)","line":68,"loc":{"start":{"line":68,"column":11},"end":{"line":68,"column":45}}},"6":{"name":"(anonymous_6)","line":73,"loc":{"start":{"line":73,"column":12},"end":{"line":73,"column":39}}},"7":{"name":"(anonymous_7)","line":78,"loc":{"start":{"line":78,"column":15},"end":{"line":78,"column":31}}},"8":{"name":"(anonymous_8)","line":86,"loc":{"start":{"line":86,"column":9},"end":{"line":86,"column":36}}},"9":{"name":"(anonymous_9)","line":102,"loc":{"start":{"line":102,"column":8},"end":{"line":102,"column":31}}},"10":{"name":"(anonymous_10)","line":112,"loc":{"start":{"line":112,"column":12},"end":{"line":112,"column":23}}}},"statementMap":{"1":{"start":{"line":1,"column":0},"end":{"line":1,"column":48}},"2":{"start":{"line":2,"column":0},"end":{"line":2,"column":50}},"3":{"start":{"line":3,"column":0},"end":{"line":3,"column":45}},"4":{"start":{"line":4,"column":0},"end":{"line":4,"column":58}},"5":{"start":{"line":5,"column":0},"end":{"line":5,"column":52}},"6":{"start":{"line":6,"column":0},"end":{"line":6,"column":45}},"7":{"start":{"line":7,"column":0},"end":{"line":7,"column":46}},"8":{"start":{"line":8,"column":0},"end":{"line":8,"column":33}},"9":{"start":{"line":9,"column":0},"end":{"line":9,"column":41}},"10":{"start":{"line":10,"column":0},"end":{"line":10,"column":38}},"11":{"start":{"line":11,"column":0},"end":{"line":11,"column":51}},"12":{"start":{"line":12,"column":0},"end":{"line":12,"column":58}},"13":{"start":{"line":13,"column":0},"end":{"line":13,"column":33}},"14":{"start":{"line":14,"column":0},"end":{"line":14,"column":54}},"15":{"start":{"line":15,"column":0},"end":{"line":15,"column":53}},"16":{"start":{"line":17,"column":0},"end":{"line":36,"column":1}},"17":{"start":{"line":18,"column":2},"end":{"line":18,"column":26}},"18":{"start":{"line":19,"column":2},"end":{"line":19,"column":62}},"19":{"start":{"line":20,"column":2},"end":{"line":20,"column":67}},"20":{"start":{"line":22,"column":2},"end":{"line":22,"column":15}},"21":{"start":{"line":23,"column":2},"end":{"line":23,"column":30}},"22":{"start":{"line":24,"column":2},"end":{"line":24,"column":29}},"23":{"start":{"line":26,"column":2},"end":{"line":26,"column":44}},"24":{"start":{"line":28,"column":2},"end":{"line":28,"column":66}},"25":{"start":{"line":29,"column":2},"end":{"line":29,"column":87}},"26":{"start":{"line":30,"column":2},"end":{"line":30,"column":59}},"27":{"start":{"line":32,"column":2},"end":{"line":32,"column":46}},"28":{"start":{"line":33,"column":2},"end":{"line":35,"column":3}},"29":{"start":{"line":34,"column":4},"end":{"line":34,"column":33}},"30":{"start":{"line":38,"column":0},"end":{"line":38,"column":27}},"31":{"start":{"line":40,"column":0},"end":{"line":57,"column":2}},"32":{"start":{"line":41,"column":2},"end":{"line":56,"column":4}},"33":{"start":{"line":59,"column":0},"end":{"line":61,"column":2}},"34":{"start":{"line":60,"column":2},"end":{"line":60,"column":40}},"35":{"start":{"line":63,"column":0},"end":{"line":66,"column":2}},"36":{"start":{"line":64,"column":2},"end":{"line":64,"column":62}},"37":{"start":{"line":65,"column":2},"end":{"line":65,"column":38}},"38":{"start":{"line":68,"column":0},"end":{"line":71,"column":2}},"39":{"start":{"line":69,"column":2},"end":{"line":69,"column":27}},"40":{"start":{"line":70,"column":2},"end":{"line":70,"column":51}},"41":{"start":{"line":73,"column":0},"end":{"line":84,"column":2}},"42":{"start":{"line":74,"column":2},"end":{"line":74,"column":27}},"43":{"start":{"line":76,"column":2},"end":{"line":76,"column":39}},"44":{"start":{"line":78,"column":2},"end":{"line":82,"column":4}},"45":{"start":{"line":79,"column":4},"end":{"line":79,"column":33}},"46":{"start":{"line":80,"column":4},"end":{"line":80,"column":15}},"47":{"start":{"line":81,"column":4},"end":{"line":81,"column":15}},"48":{"start":{"line":83,"column":2},"end":{"line":83,"column":16}},"49":{"start":{"line":86,"column":0},"end":{"line":100,"column":2}},"50":{"start":{"line":87,"column":2},"end":{"line":87,"column":26}},"51":{"start":{"line":89,"column":2},"end":{"line":91,"column":3}},"52":{"start":{"line":90,"column":4},"end":{"line":90,"column":36}},"53":{"start":{"line":93,"column":2},"end":{"line":93,"column":21}},"54":{"start":{"line":94,"column":2},"end":{"line":94,"column":33}},"55":{"start":{"line":95,"column":2},"end":{"line":95,"column":33}},"56":{"start":{"line":96,"column":2},"end":{"line":96,"column":50}},"57":{"start":{"line":97,"column":2},"end":{"line":97,"column":14}},"58":{"start":{"line":99,"column":2},"end":{"line":99,"column":65}},"59":{"start":{"line":102,"column":0},"end":{"line":110,"column":2}},"60":{"start":{"line":103,"column":2},"end":{"line":109,"column":13}},"61":{"start":{"line":112,"column":0},"end":{"line":119,"column":2}},"62":{"start":{"line":113,"column":2},"end":{"line":118,"column":4}},"63":{"start":{"line":121,"column":0},"end":{"line":121,"column":26}}},"branchMap":{"1":{"line":18,"type":"binary-expr","locations":[{"start":{"line":18,"column":12},"end":{"line":18,"column":19}},{"start":{"line":18,"column":23},"end":{"line":18,"column":25}}]},"2":{"line":19,"type":"binary-expr","locations":[{"start":{"line":19,"column":23},"end":{"line":19,"column":41}},{"start":{"line":19,"column":45},"end":{"line":19,"column":61}}]},"3":{"line":20,"type":"binary-expr","locations":[{"start":{"line":20,"column":23},"end":{"line":20,"column":41}},{"start":{"line":20,"column":45},"end":{"line":20,"column":66}}]},"4":{"line":69,"type":"binary-expr","locations":[{"start":{"line":69,"column":7},"end":{"line":69,"column":9}},{"start":{"line":69,"column":13},"end":{"line":69,"column":26}}]},"5":{"line":74,"type":"binary-expr","locations":[{"start":{"line":74,"column":7},"end":{"line":74,"column":9}},{"start":{"line":74,"column":13},"end":{"line":74,"column":26}}]},"6":{"line":87,"type":"binary-expr","locations":[{"start":{"line":87,"column":12},"end":{"line":87,"column":19}},{"start":{"line":87,"column":23},"end":{"line":87,"column":25}}]},"7":{"line":89,"type":"if","locations":[{"start":{"line":89,"column":2},"end":{"line":89,"column":2}},{"start":{"line":89,"column":2},"end":{"line":89,"column":2}}]},"8":{"line":89,"type":"binary-expr","locations":[{"start":{"line":89,"column":6},"end":{"line":89,"column":36}},{"start":{"line":89,"column":40},"end":{"line":89,"column":57}}]},"9":{"line":96,"type":"binary-expr","locations":[{"start":{"line":96,"column":16},"end":{"line":96,"column":31}},{"start":{"line":96,"column":35},"end":{"line":96,"column":49}}]}},"code":["var AttrMerge = require('./filters/attr_merge');","var AttrRemove = require('./filters/attr_remove');","var Brackets = require('./filters/brackets');","var CodeAttributes = require('./filters/code_attributes');","var ControlFlow = require('./filters/control_flow');","var Controls = require('./filters/controls');","var Embeddeds = require('./filters/embedded');","var Engine = require('./engine');","var Escape = require('./filters/escape');","var FastHtml = require('./html/fast');","var Interpolate = require('./filters/interpolate');","var MultiFlattener = require('./filters/multi_flattener');","var Parser = require('./parser');","var StaticMerger = require('./filters/static_merger');","var StringGenerator = require('./generators/string');","","function Template(VM, options) {","  options = options || {};","  options.mergeAttrs = options.mergeAttrs || { 'class': ' ' };","  options.attrDelims = options.attrDelims || { '(': ')', '[':']' };","","  this.VM = VM;","  this._engine = new Engine();","  this.Embeddeds = Embeddeds;","","  this._embedded = new Embeddeds.Embedded();","","  this.registerEmbedded('script',     new Embeddeds.Javascript());","  this.registerEmbedded('javascript', new Embeddeds.Javascript({typeAttribute: true}));","  this.registerEmbedded('css',        new Embeddeds.CSS());","","  var filters = this._defaultFilters(options);","  for (var i = 0, il = filters.length; i < il; i++) {","    this._engine.use(filters[i]);","  }","}","","var p = Template.prototype;","","p._defaultFilters = function(options) {","  return [","    new Parser(options.attrDelims),","    this._embedded,","    new Interpolate(),","    new Brackets(),","    new Controls(),","    new AttrMerge(options.mergeAttrs),","    new CodeAttributes(options.mergeAttrs),","    new AttrRemove(options.mergeAttrs),","    new FastHtml(options.format),","    new Escape(),","    new ControlFlow(),","    new MultiFlattener(),","    new StaticMerger(),","    new StringGenerator()","  ];","};","","p.registerEmbedded = function(name, engine) {","  this._embedded.register(name, engine);","};","","p.registerEmbeddedFunction = function(name, renderer) {","  var engine = new this.Embeddeds.InterpolateEngine(renderer);","  this.registerEmbedded(name, engine);","};","","p.render = function(src, model, options, vm) {","  vm = vm || new this.VM();","  return this.compile(src, options, vm)(model, vm);","};","","p.compile = function(src, options, vm) {","  vm = vm || new this.VM();","","  var fn = this.exec(src, options, vm);","","  var fnWrap = function(model) {","    var res = fn.call(model, vm);","    vm.reset();","    return res;","  };","  return fnWrap;","};","","p.exec = function(src, options, vm) {","  options = options || {};","","  if (options.useCache !== undefined && !options.useCache) {","    vm._load = vm._loadWithoutCache;","  }","","  vm.template = this;","  vm.basePath = options.basePath;","  vm.filename = options.filename;","  vm.require  = options.require || module.require;","  vm.rebind();","","  return vm.runInContext(this.src(src, options), vm.filename)[0];","};","","p.src = function(src, options) {","  return [","    '[function(vm) {',","    'vm.m = this;',","    'var sp = vm.stack.length, require = vm.require, content = vm._content, extend = vm._extend, partial = vm._partial, mixin = vm._mixin, j = vm.j;',","    this._engine.exec(src, options),","    'vm.res=_b;return vm.pop(sp);}]'","  ].join('');","};","","p.exports = function() {","  return {","    Template: Template,","    template: this,","    compile:  this.compile.bind(this),","    render:   this.render.bind(this)","  };","};","","module.exports = Template;",""],"l":{"1":1,"2":1,"3":1,"4":1,"5":1,"6":1,"7":1,"8":1,"9":1,"10":1,"11":1,"12":1,"13":1,"14":1,"15":1,"17":1,"18":2,"19":2,"20":2,"22":2,"23":2,"24":2,"26":2,"28":2,"29":2,"30":2,"32":2,"33":2,"34":28,"38":1,"40":1,"41":2,"59":1,"60":6,"63":1,"64":0,"65":0,"68":1,"69":0,"70":0,"73":1,"74":0,"76":0,"78":0,"79":0,"80":0,"81":0,"83":0,"86":1,"87":0,"89":0,"90":0,"93":0,"94":0,"95":0,"96":0,"97":0,"99":0,"102":1,"103":0,"112":1,"113":2,"121":1}},"/home/travis/build/npmtest/node-npmtest-slm/node_modules/slm/lib/filters/attr_merge.js":{"path":"/home/travis/build/npmtest/node-npmtest-slm/node_modules/slm/lib/filters/attr_merge.js","s":{"1":1,"2":1,"3":2,"4":1,"5":1,"6":0,"7":0,"8":0,"9":0,"10":0,"11":0,"12":0,"13":0,"14":0,"15":0,"16":0,"17":0,"18":1,"19":0,"20":0,"21":0,"22":0,"23":0,"24":0,"25":0,"26":0,"27":0,"28":0,"29":0,"30":0,"31":0,"32":0,"33":0,"34":0,"35":0,"36":0,"37":0,"38":0,"39":0,"40":0,"41":0,"42":0,"43":0,"44":0,"45":1},"b":{"1":[0,0],"2":[0,0],"3":[0,0],"4":[0,0],"5":[0,0],"6":[0,0],"7":[0,0]},"f":{"1":2,"2":0,"3":0},"fnMap":{"1":{"name":"AttrMerge","line":3,"loc":{"start":{"line":3,"column":0},"end":{"line":3,"column":31}}},"2":{"name":"(anonymous_2)","line":9,"loc":{"start":{"line":9,"column":18},"end":{"line":9,"column":33}}},"3":{"name":"(anonymous_3)","line":31,"loc":{"start":{"line":31,"column":11},"end":{"line":31,"column":35}}}},"statementMap":{"1":{"start":{"line":1,"column":0},"end":{"line":1,"column":27}},"2":{"start":{"line":3,"column":0},"end":{"line":5,"column":1}},"3":{"start":{"line":4,"column":2},"end":{"line":4,"column":32}},"4":{"start":{"line":7,"column":0},"end":{"line":7,"column":40}},"5":{"start":{"line":9,"column":0},"end":{"line":29,"column":2}},"6":{"start":{"line":10,"column":2},"end":{"line":10,"column":30}},"7":{"start":{"line":11,"column":2},"end":{"line":24,"column":3}},"8":{"start":{"line":12,"column":4},"end":{"line":12,"column":23}},"9":{"start":{"line":13,"column":4},"end":{"line":13,"column":49}},"10":{"start":{"line":14,"column":4},"end":{"line":23,"column":5}},"11":{"start":{"line":15,"column":6},"end":{"line":17,"column":7}},"12":{"start":{"line":16,"column":8},"end":{"line":16,"column":70}},"13":{"start":{"line":19,"column":6},"end":{"line":19,"column":29}},"14":{"start":{"line":21,"column":6},"end":{"line":21,"column":27}},"15":{"start":{"line":22,"column":6},"end":{"line":22,"column":23}},"16":{"start":{"line":26,"column":2},"end":{"line":26,"column":15}},"17":{"start":{"line":28,"column":2},"end":{"line":28,"column":36}},"18":{"start":{"line":31,"column":0},"end":{"line":69,"column":2}},"19":{"start":{"line":32,"column":2},"end":{"line":32,"column":17}},"20":{"start":{"line":33,"column":2},"end":{"line":66,"column":3}},"21":{"start":{"line":34,"column":4},"end":{"line":34,"column":24}},"22":{"start":{"line":35,"column":4},"end":{"line":35,"column":65}},"23":{"start":{"line":36,"column":4},"end":{"line":65,"column":5}},"24":{"start":{"line":37,"column":6},"end":{"line":37,"column":39}},"25":{"start":{"line":38,"column":6},"end":{"line":44,"column":7}},"26":{"start":{"line":39,"column":8},"end":{"line":39,"column":26}},"27":{"start":{"line":40,"column":8},"end":{"line":40,"column":48}},"28":{"start":{"line":41,"column":8},"end":{"line":43,"column":9}},"29":{"start":{"line":42,"column":10},"end":{"line":42,"column":16}},"30":{"start":{"line":45,"column":6},"end":{"line":62,"column":7}},"31":{"start":{"line":46,"column":8},"end":{"line":52,"column":9}},"32":{"start":{"line":47,"column":10},"end":{"line":47,"column":28}},"33":{"start":{"line":48,"column":10},"end":{"line":50,"column":11}},"34":{"start":{"line":49,"column":12},"end":{"line":49,"column":44}},"35":{"start":{"line":51,"column":10},"end":{"line":51,"column":23}},"36":{"start":{"line":53,"column":8},"end":{"line":53,"column":47}},"37":{"start":{"line":55,"column":8},"end":{"line":55,"column":42}},"38":{"start":{"line":56,"column":8},"end":{"line":56,"column":55}},"39":{"start":{"line":57,"column":8},"end":{"line":59,"column":9}},"40":{"start":{"line":58,"column":10},"end":{"line":58,"column":105}},"41":{"start":{"line":60,"column":8},"end":{"line":60,"column":92}},"42":{"start":{"line":61,"column":8},"end":{"line":61,"column":47}},"43":{"start":{"line":64,"column":6},"end":{"line":64,"column":50}},"44":{"start":{"line":68,"column":2},"end":{"line":68,"column":41}},"45":{"start":{"line":71,"column":0},"end":{"line":71,"column":27}}},"branchMap":{"1":{"line":14,"type":"if","locations":[{"start":{"line":14,"column":4},"end":{"line":14,"column":4}},{"start":{"line":14,"column":4},"end":{"line":14,"column":4}}]},"2":{"line":15,"type":"if","locations":[{"start":{"line":15,"column":6},"end":{"line":15,"column":6}},{"start":{"line":15,"column":6},"end":{"line":15,"column":6}}]},"3":{"line":36,"type":"if","locations":[{"start":{"line":36,"column":4},"end":{"line":36,"column":4}},{"start":{"line":36,"column":4},"end":{"line":36,"column":4}}]},"4":{"line":36,"type":"binary-expr","locations":[{"start":{"line":36,"column":8},"end":{"line":36,"column":17}},{"start":{"line":36,"column":21},"end":{"line":36,"column":37}}]},"5":{"line":41,"type":"if","locations":[{"start":{"line":41,"column":8},"end":{"line":41,"column":8}},{"start":{"line":41,"column":8},"end":{"line":41,"column":8}}]},"6":{"line":45,"type":"if","locations":[{"start":{"line":45,"column":6},"end":{"line":45,"column":6}},{"start":{"line":45,"column":6},"end":{"line":45,"column":6}}]},"7":{"line":48,"type":"if","locations":[{"start":{"line":48,"column":10},"end":{"line":48,"column":10}},{"start":{"line":48,"column":10},"end":{"line":48,"column":10}}]}},"code":["var Slm = require('./slm');","","function AttrMerge(mergeAttrs) {","  this._mergeAttrs = mergeAttrs;","}","","var p = AttrMerge.prototype = new Slm();","","p.on_html_attrs = function(exps) {","  var names = [], values = {};","  for (var i = 2, l = exps.length; i < l; i++) {","    var attr = exps[i];","    var name = attr[2].toString(), val = attr[3];","    if (values[name]) {","      if (!this._mergeAttrs[name]) {","        throw new Error('Multiple ' + name + ' attributes specified');","      }","","      values[name].push(val);","    } else {","      values[name] = [val];","      names.push(name);","    }","  }","","  names.sort();","","  return this._merge(names, values);","};","","p._merge = function(names, values) {","  var attrs = [];","  for (var i = 0, il = names.length; i < il; i++) {","    var name = names[i];","    var value = values[name], delimiter = this._mergeAttrs[name];","    if (delimiter && value.length > 1) {","      var all = false, exp = ['multi'];","      for (var k = 0, kl = value.length; k < kl; k++) {","        var kv = value[k];","        all = this._isContainNonEmptyStatic(kv);","        if (!all) {","          break;","        }","      }","      if (all) {","        for (var j = 0, jl = value.length; j < jl; j++) {","          var jv = value[j];","          if (j) {","            exp.push(['static', delimiter]);","          }","          exp.push(jv);","        }","        attrs[i] = ['html', 'attr', name, exp];","      } else {","        var captures = this._uniqueName();","        exp.push(['code', 'var ' + captures + '=[];']);","        for (var a = 0, al = value.length; a < al; a++) {","          exp.push(['capture', captures + '[' + a + ']', captures + '[' + a + ']' + '=\\'\\';', value[a]]);","        }","        exp.push(['dynamic', 'vm.rejectEmpty(' + captures + ').join(\"' + delimiter + '\")']);","        attrs[i] = ['html', 'attr', name, exp];","      }","    } else {","      attrs[i] = ['html', 'attr', name, value[0]];","    }","  }","","  return ['html', 'attrs'].concat(attrs);","};","","module.exports = AttrMerge;",""],"l":{"1":1,"3":1,"4":2,"7":1,"9":1,"10":0,"11":0,"12":0,"13":0,"14":0,"15":0,"16":0,"19":0,"21":0,"22":0,"26":0,"28":0,"31":1,"32":0,"33":0,"34":0,"35":0,"36":0,"37":0,"38":0,"39":0,"40":0,"41":0,"42":0,"45":0,"46":0,"47":0,"48":0,"49":0,"51":0,"53":0,"55":0,"56":0,"57":0,"58":0,"60":0,"61":0,"64":0,"68":0,"71":1}},"/home/travis/build/npmtest/node-npmtest-slm/node_modules/slm/lib/filters/slm.js":{"path":"/home/travis/build/npmtest/node-npmtest-slm/node_modules/slm/lib/filters/slm.js","s":{"1":1,"2":1,"3":1,"4":1,"5":0,"6":0,"7":1,"8":0,"9":0,"10":1,"11":0,"12":0,"13":1},"b":{},"f":{"1":10,"2":0,"3":0,"4":0},"fnMap":{"1":{"name":"Slm","line":3,"loc":{"start":{"line":3,"column":0},"end":{"line":3,"column":15}}},"2":{"name":"(anonymous_2)","line":7,"loc":{"start":{"line":7,"column":16},"end":{"line":7,"column":31}}},"3":{"name":"(anonymous_3)","line":17,"loc":{"start":{"line":17,"column":19},"end":{"line":17,"column":34}}},"4":{"name":"(anonymous_4)","line":22,"loc":{"start":{"line":22,"column":18},"end":{"line":22,"column":33}}}},"statementMap":{"1":{"start":{"line":1,"column":0},"end":{"line":1,"column":37}},"2":{"start":{"line":3,"column":0},"end":{"line":3,"column":17}},"3":{"start":{"line":4,"column":0},"end":{"line":4,"column":37}},"4":{"start":{"line":7,"column":0},"end":{"line":10,"column":2}},"5":{"start":{"line":8,"column":2},"end":{"line":8,"column":34}},"6":{"start":{"line":9,"column":2},"end":{"line":9,"column":14}},"7":{"start":{"line":17,"column":0},"end":{"line":20,"column":2}},"8":{"start":{"line":18,"column":2},"end":{"line":18,"column":34}},"9":{"start":{"line":19,"column":2},"end":{"line":19,"column":14}},"10":{"start":{"line":22,"column":0},"end":{"line":25,"column":2}},"11":{"start":{"line":23,"column":2},"end":{"line":23,"column":34}},"12":{"start":{"line":24,"column":2},"end":{"line":24,"column":14}},"13":{"start":{"line":27,"column":0},"end":{"line":27,"column":21}}},"branchMap":{},"code":["var Filter = require('../html/html');","","function Slm() {}","var p = Slm.prototype = new Filter();","","// Pass-through handlers","p.on_slm_text = function(exps) {","  exps[2] = this.compile(exps[2]);","  return exps;","};","","//p.on_slm_embedded = function(exps) {","  //exps[3] = this.compile(exps[3]);","  //return exps;","//};","","p.on_slm_control = function(exps) {","  exps[3] = this.compile(exps[3]);","  return exps;","};","","p.on_slm_output = function(exps) {","  exps[4] = this.compile(exps[4]);","  return exps;","};","","module.exports = Slm;",""],"l":{"1":1,"3":1,"4":1,"7":1,"8":0,"9":0,"17":1,"18":0,"19":0,"22":1,"23":0,"24":0,"27":1}},"/home/travis/build/npmtest/node-npmtest-slm/node_modules/slm/lib/html/html.js":{"path":"/home/travis/build/npmtest/node-npmtest-slm/node_modules/slm/lib/html/html.js","s":{"1":1,"2":1,"3":1,"4":1,"5":1,"6":0,"7":1,"8":0,"9":1,"10":0,"11":1,"12":0,"13":0,"14":0,"15":0,"16":0,"17":1,"18":0,"19":0,"20":0,"21":0,"22":0,"23":0,"24":0,"25":0,"26":1},"b":{"1":[0,0],"2":[0,0,0,0],"3":[0,0]},"f":{"1":2,"2":0,"3":0,"4":0,"5":0,"6":0},"fnMap":{"1":{"name":"Html","line":3,"loc":{"start":{"line":3,"column":0},"end":{"line":3,"column":16}}},"2":{"name":"(anonymous_2)","line":8,"loc":{"start":{"line":8,"column":17},"end":{"line":8,"column":32}}},"3":{"name":"(anonymous_3)","line":12,"loc":{"start":{"line":12,"column":20},"end":{"line":12,"column":35}}},"4":{"name":"(anonymous_4)","line":16,"loc":{"start":{"line":16,"column":24},"end":{"line":16,"column":39}}},"5":{"name":"(anonymous_5)","line":20,"loc":{"start":{"line":20,"column":16},"end":{"line":20,"column":31}}},"6":{"name":"(anonymous_6)","line":29,"loc":{"start":{"line":29,"column":29},"end":{"line":29,"column":43}}}},"statementMap":{"1":{"start":{"line":1,"column":0},"end":{"line":1,"column":34}},"2":{"start":{"line":3,"column":0},"end":{"line":3,"column":18}},"3":{"start":{"line":4,"column":0},"end":{"line":4,"column":38}},"4":{"start":{"line":6,"column":0},"end":{"line":6,"column":37}},"5":{"start":{"line":8,"column":0},"end":{"line":10,"column":2}},"6":{"start":{"line":9,"column":2},"end":{"line":9,"column":58}},"7":{"start":{"line":12,"column":0},"end":{"line":14,"column":2}},"8":{"start":{"line":13,"column":2},"end":{"line":13,"column":52}},"9":{"start":{"line":16,"column":0},"end":{"line":18,"column":2}},"10":{"start":{"line":17,"column":2},"end":{"line":17,"column":65}},"11":{"start":{"line":20,"column":0},"end":{"line":27,"column":2}},"12":{"start":{"line":21,"column":2},"end":{"line":21,"column":24}},"13":{"start":{"line":22,"column":2},"end":{"line":22,"column":60}},"14":{"start":{"line":23,"column":2},"end":{"line":25,"column":3}},"15":{"start":{"line":24,"column":4},"end":{"line":24,"column":36}},"16":{"start":{"line":26,"column":2},"end":{"line":26,"column":13}},"17":{"start":{"line":29,"column":0},"end":{"line":45,"column":2}},"18":{"start":{"line":30,"column":2},"end":{"line":44,"column":3}},"19":{"start":{"line":32,"column":4},"end":{"line":36,"column":5}},"20":{"start":{"line":33,"column":6},"end":{"line":35,"column":7}},"21":{"start":{"line":34,"column":8},"end":{"line":34,"column":20}},"22":{"start":{"line":37,"column":4},"end":{"line":37,"column":17}},"23":{"start":{"line":39,"column":4},"end":{"line":39,"column":62}},"24":{"start":{"line":41,"column":4},"end":{"line":41,"column":25}},"25":{"start":{"line":43,"column":4},"end":{"line":43,"column":17}},"26":{"start":{"line":47,"column":0},"end":{"line":47,"column":22}}},"branchMap":{"1":{"line":23,"type":"if","locations":[{"start":{"line":23,"column":2},"end":{"line":23,"column":2}},{"start":{"line":23,"column":2},"end":{"line":23,"column":2}}]},"2":{"line":30,"type":"switch","locations":[{"start":{"line":31,"column":2},"end":{"line":37,"column":17}},{"start":{"line":38,"column":2},"end":{"line":39,"column":62}},{"start":{"line":40,"column":2},"end":{"line":41,"column":25}},{"start":{"line":42,"column":2},"end":{"line":43,"column":17}}]},"3":{"line":33,"type":"if","locations":[{"start":{"line":33,"column":6},"end":{"line":33,"column":6}},{"start":{
[...]
      node[1] += exp[1];","      } else {","        node = ['static', exp[1]];","        res.push(node);","      }","    } else {","      res.push(this.compile(exp));","      if (exp[0] !== 'newline') {","        node = null;","      }","    }","  }","","  return res.length === 2 ? res[1] : res;","};","","module.exports = StaticMerger;",""],"l":{"1":1,"15":1,"16":1,"18":1,"19":0,"21":0,"22":0,"23":0,"24":0,"25":0,"27":0,"28":0,"31":0,"32":0,"33":0,"38":0,"41":1}},"/home/travis/build/npmtest/node-npmtest-slm/node_modules/slm/lib/generators/string.js":{"path":"/home/travis/build/npmtest/node-npmtest-slm/node_modules/slm/lib/generators/string.js","s":{"1":1,"2":1,"3":2,"4":2,"5":1,"6":1,"7":0,"8":1,"9":0,"10":0,"11":0,"12":1},"b":{"1":[2,2],"2":[0,0]},"f":{"1":2,"2":0,"3":0},"fnMap":{"1":{"name":"StringGenerator","line":3,"loc":{"start":{"line":3,"column":0},"end":{"line":3,"column":44}}},"2":{"name":"(anonymous_2)","line":9,"loc":{"start":{"line":9,"column":13},"end":{"line":9,"column":24}}},"3":{"name":"(anonymous_3)","line":13,"loc":{"start":{"line":13,"column":15},"end":{"line":13,"column":30}}}},"statementMap":{"1":{"start":{"line":1,"column":0},"end":{"line":1,"column":40}},"2":{"start":{"line":3,"column":0},"end":{"line":6,"column":1}},"3":{"start":{"line":4,"column":2},"end":{"line":4,"column":30}},"4":{"start":{"line":5,"column":2},"end":{"line":5,"column":34}},"5":{"start":{"line":7,"column":0},"end":{"line":7,"column":52}},"6":{"start":{"line":9,"column":0},"end":{"line":11,"column":2}},"7":{"start":{"line":10,"column":2},"end":{"line":10,"column":82}},"8":{"start":{"line":13,"column":0},"end":{"line":17,"column":2}},"9":{"start":{"line":14,"column":2},"end":{"line":14,"column":56}},"10":{"start":{"line":15,"column":2},"end":{"line":15,"column":43}},"11":{"start":{"line":16,"column":2},"end":{"line":16,"column":33}},"12":{"start":{"line":19,"column":0},"end":{"line":19,"column":33}}},"branchMap":{"1":{"line":4,"type":"binary-expr","locations":[{"start":{"line":4,"column":17},"end":{"line":4,"column":21}},{"start":{"line":4,"column":25},"end":{"line":4,"column":29}}]},"2":{"line":10,"type":"cond-expr","locations":[{"start":{"line":10,"column":29},"end":{"line":10,"column":46}},{"start":{"line":10,"column":49},"end":{"line":10,"column":81}}]}},"code":["var Generator = require('../generator');","","function StringGenerator(name, initializer) {","  this._buffer = name || '_b';","  this._initializer = initializer;","}","var p = StringGenerator.prototype = new Generator();","","p.preamble = function() {","  return this._initializer ? this._initializer : 'var ' + this._buffer + '=\\'\\';';","};","","p.on_capture = function(exps) {","  var generator = new StringGenerator(exps[1], exps[2]);","  generator._dispatcher = this._dispatcher;","  return generator.exec(exps[3]);","};","","module.exports = StringGenerator;",""],"l":{"1":1,"3":1,"4":2,"5":2,"7":1,"9":1,"10":0,"13":1,"14":0,"15":0,"16":0,"19":1}},"/home/travis/build/npmtest/node-npmtest-slm/node_modules/slm/lib/generator.js":{"path":"/home/travis/build/npmtest/node-npmtest-slm/node_modules/slm/lib/generator.js","s":{"1":1,"2":1,"3":1,"4":1,"5":1,"6":0,"7":1,"8":0,"9":1,"10":0,"11":0,"12":0,"13":0,"14":1,"15":0,"16":1,"17":0,"18":1,"19":0,"20":1,"21":0,"22":1,"23":0,"24":1},"b":{},"f":{"1":1,"2":0,"3":0,"4":0,"5":0,"6":0,"7":0,"8":0,"9":0},"fnMap":{"1":{"name":"Generator","line":3,"loc":{"start":{"line":3,"column":0},"end":{"line":3,"column":21}}},"2":{"name":"(anonymous_2)","line":9,"loc":{"start":{"line":9,"column":9},"end":{"line":9,"column":23}}},"3":{"name":"(anonymous_3)","line":13,"loc":{"start":{"line":13,"column":7},"end":{"line":13,"column":21}}},"4":{"name":"(anonymous_4)","line":17,"loc":{"start":{"line":17,"column":13},"end":{"line":17,"column":28}}},"5":{"name":"(anonymous_5)","line":25,"loc":{"start":{"line":25,"column":15},"end":{"line":25,"column":26}}},"6":{"name":"(anonymous_6)","line":29,"loc":{"start":{"line":29,"column":14},"end":{"line":29,"column":29}}},"7":{"name":"(anonymous_7)","line":33,"loc":{"start":{"line":33,"column":15},"end":{"line":33,"column":30}}},"8":{"name":"(anonymous_8)","line":37,"loc":{"start":{"line":37,"column":12},"end":{"line":37,"column":27}}},"9":{"name":"(anonymous_9)","line":41,"loc":{"start":{"line":41,"column":11},"end":{"line":41,"column":25}}}},"statementMap":{"1":{"start":{"line":1,"column":0},"end":{"line":1,"column":41}},"2":{"start":{"line":3,"column":0},"end":{"line":5,"column":1}},"3":{"start":{"line":4,"column":2},"end":{"line":4,"column":22}},"4":{"start":{"line":7,"column":0},"end":{"line":7,"column":47}},"5":{"start":{"line":9,"column":0},"end":{"line":11,"column":2}},"6":{"start":{"line":10,"column":2},"end":{"line":10,"column":55}},"7":{"start":{"line":13,"column":0},"end":{"line":15,"column":2}},"8":{"start":{"line":14,"column":2},"end":{"line":14,"column":93}},"9":{"start":{"line":17,"column":0},"end":{"line":23,"column":2}},"10":{"start":{"line":18,"column":2},"end":{"line":20,"column":3}},"11":{"start":{"line":19,"column":4},"end":{"line":19,"column":36}},"12":{"start":{"line":21,"column":2},"end":{"line":21,"column":15}},"13":{"start":{"line":22,"column":2},"end":{"line":22,"column":25}},"14":{"start":{"line":25,"column":0},"end":{"line":27,"column":2}},"15":{"start":{"line":26,"column":2},"end":{"line":26,"column":12}},"16":{"start":{"line":29,"column":0},"end":{"line":31,"column":2}},"17":{"start":{"line":30,"column":2},"end":{"line":30,"column":46}},"18":{"start":{"line":33,"column":0},"end":{"line":35,"column":2}},"19":{"start":{"line":34,"column":2},"end":{"line":34,"column":30}},"20":{"start":{"line":37,"column":0},"end":{"line":39,"column":2}},"21":{"start":{"line":38,"column":2},"end":{"line":38,"column":17}},"22":{"start":{"line":41,"column":0},"end":{"line":43,"column":2}},"23":{"start":{"line":42,"column":2},"end":{"line":42,"column":41}},"24":{"start":{"line":45,"column":0},"end":{"line":45,"column":27}}},"branchMap":{},"code":["var Dispatcher = require('./dispatcher');","","function Generator() {","  this._buffer = '_b';","}","","var p = Generator.prototype = new Dispatcher();","","p.exec = function(exp) {","  return [this.preamble(), this.compile(exp)].join('');","};","","p.on = function(exp) {","  throw new Error('Generator supports only core expressions - found ' + JSON.stringify(exp));","};","","p.on_multi = function(exps) {","  for (var i = 1, l = exps.length; i < l; i++) {","    exps[i] = this.compile(exps[i]);","  }","  exps.shift();","  return exps.join('\\n');","};","","p.on_newline = function() {","  return '';","};","","p.on_static = function(exps) {","  return this.concat(JSON.stringify(exps[1]));","};","","p.on_dynamic = function(exps) {","  return this.concat(exps[1]);","};","","p.on_code = function(exps) {","  return exps[1];","};","","p.concat = function(str) {","  return this._buffer + '+=' + str + ';';","};","","module.exports = Generator;",""],"l":{"1":1,"3":1,"4":1,"7":1,"9":1,"10":0,"13":1,"14":0,"17":1,"18":0,"19":0,"21":0,"22":0,"25":1,"26":0,"29":1,"30":0,"33":1,"34":0,"37":1,"38":0,"41":1,"42":0,"45":1}},"/home/travis/build/npmtest/node-npmtest-slm/node_modules/slm/lib/vm_node.js":{"path":"/home/travis/build/npmtest/node-npmtest-slm/node_modules/slm/lib/vm_node.js","s":{"1":1,"2":1,"3":1,"4":1,"5":1,"6":0,"7":1,"8":1,"9":1,"10":0,"11":0,"12":1,"13":0,"14":0,"15":0,"16":0,"17":0,"18":0,"19":0,"20":0,"21":0,"22":1},"b":{"1":[0,0],"2":[0,0],"3":[0,0],"4":[0,0],"5":[0,0],"6":[0,0]},"f":{"1":0,"2":0,"3":0},"fnMap":{"1":{"name":"VMNode","line":6,"loc":{"start":{"line":6,"column":0},"end":{"line":6,"column":18}}},"2":{"name":"(anonymous_2)","line":12,"loc":{"start":{"line":12,"column":22},"end":{"line":12,"column":37}}},"3":{"name":"(anonymous_3)","line":17,"loc":{"start":{"line":17,"column":17},"end":{"line":17,"column":32}}}},"statementMap":{"1":{"start":{"line":1,"column":0},"end":{"line":1,"column":23}},"2":{"start":{"line":2,"column":0},"end":{"line":2,"column":27}},"3":{"start":{"line":3,"column":0},"end":{"line":3,"column":27}},"4":{"start":{"line":4,"column":0},"end":{"line":4,"column":25}},"5":{"start":{"line":6,"column":0},"end":{"line":6,"column":36}},"6":{"start":{"line":6,"column":20},"end":{"line":6,"column":34}},"7":{"start":{"line":8,"column":0},"end":{"line":8,"column":36}},"8":{"start":{"line":10,"column":0},"end":{"line":10,"column":41}},"9":{"start":{"line":12,"column":0},"end":{"line":15,"column":2}},"10":{"start":{"line":13,"column":2},"end":{"line":13,"column":42}},"11":{"start":{"line":14,"column":2},"end":{"line":14,"column":96}},"12":{"start":{"line":17,"column":0},"end":{"line":37,"column":2}},"13":{"start":{"line":18,"column":2},"end":{"line":20,"column":23}},"14":{"start":{"line":22,"column":2},"end":{"line":24,"column":3}},"15":{"start":{"line":23,"column":4},"end":{"line":23,"column":86}},"16":{"start":{"line":26,"column":2},"end":{"line":28,"column":3}},"17":{"start":{"line":27,"column":4},"end":{"line":27,"column":86}},"18":{"start":{"line":30,"column":2},"end":{"line":30,"column":78}},"19":{"start":{"line":32,"column":2},"end":{"line":34,"column":3}},"20":{"start":{"line":33,"column":4},"end":{"line":33,"column":19}},"21":{"start":{"line":36,"column":2},"end":{"line":36,"column":14}},"22":{"start":{"line":39,"column":0},"end":{"line":39,"column":24}}},"branchMap":{"1":{"line":22,"type":"if","locations":[{"start":{"line":22,"column":2},"end":{"line":22,"column":2}},{"start":{"line":22,"column":2},"end":{"line":22,"column":2}}]},"2":{"line":22,"type":"binary-expr","locations":[{"start":{"line":22,"column":6},"end":{"line":22,"column":21}},{"start":{"line":22,"column":25},"end":{"line":22,"column":39}}]},"3":{"line":26,"type":"if","locations":[{"start":{"line":26,"column":2},"end":{"line":26,"column":2}},{"start":{"line":26,"column":2},"end":{"line":26,"column":2}}]},"4":{"line":26,"type":"binary-expr","locations":[{"start":{"line":26,"column":6},"end":{"line":26,"column":21}},{"start":{"line":26,"column":25},"end":{"line":26,"column":39}}]},"5":{"line":30,"type":"cond-expr","locations":[{"start":{"line":30,"column":32},"end":{"line":30,"column":45}},{"start":{"line":30,"column":48},"end":{"line":30,"column":70}}]},"6":{"line":32,"type":"if","locations":[{"start":{"line":32,"column":2},"end":{"line":32,"column":2}},{"start":{"line":32,"column":2},"end":{"line":32,"column":2}}]}},"code":["var FS = require('fs');","var NodeVM = require('vm');","var Path = require('path');","var VM = require('./vm');","","function VMNode() { VM.call(this); }","","var p = VMNode.prototype = new VM();","","p.runInContext = NodeVM.runInThisContext;","","p._loadWithoutCache = function(path) {","  var src = FS.readFileSync(path, 'utf8');","  return this.runInContext(this.template.src(src, {filename: this.filename}), this.filename)[0];","};","","p._resolvePath = function(path) {","  var basename = Path.basename,","      dirname  = Path.dirname,","      join = Path.join;","","  if (path[0] !== '/' && !this.filename) {","    throw new Error('the \"filename\" option is required to use with \"relative\" paths');","  }","","  if (path[0] === '/' && !this.basePath) {","    throw new Error('the \"basePath\" option is required to use with \"absolute\" paths');","  }","","  path = join(path[0] === '/' ? this.basePath : dirname(this.filename), path);","","  if (basename(path).indexOf('.') === -1) {","    path += '.slm';","  }","","  return path;","};","","module.exports = VMNode;",""],"l":{"1":1,"2":1,"3":1,"4":1,"6":1,"8":1,"10":1,"12":1,"13":0,"14":0,"17":1,"18":0,"22":0,"23":0,"26":0,"27":0,"30":0,"32":0,"33":0,"36":0,"39":1}},"/home/travis/build/npmtest/node-npmtest-slm/node_modules/slm/Gulpfile.js":{"path":"/home/travis/build/npmtest/node-npmtest-slm/node_modules/slm/Gulpfile.js","s":{"1":2,"2":0,"3":0,"4":0,"5":0,"6":0,"7":0,"8":0,"9":0,"10":0,"11":0,"12":0,"13":0,"14":0,"15":0,"16":0,"17":0,"18":0,"19":0,"20":0,"21":0,"22":0,"23":0,"24":0,"25":0,"26":0,"27":0,"28":0,"29":0},"b":{"1":[0,0],"2":[0,0],"3":[0,0]},"f":{"1":0,"2":0,"3":0,"4":0,"5":0,"6":0},"fnMap":{"1":{"name":"(anonymous_1)","line":6,"loc":{"start":{"line":6,"column":18},"end":{"line":6,"column":31}}},"2":{"name":"(anonymous_2)","line":9,"loc":{"start":{"line":9,"column":19},"end":{"line":9,"column":34}}},"3":{"name":"(anonymous_3)","line":16,"loc":{"start":{"line":16,"column":21},"end":{"line":16,"column":32}}},"4":{"name":"(anonymous_4)","line":19,"loc":{"start":{"line":19,"column":23},"end":{"line":19,"column":38}}},"5":{"name":"(anonymous_5)","line":51,"loc":{"start":{"line":51,"column":16},"end":{"line":51,"column":27}}},"6":{"name":"(anonymous_6)","line":55,"loc":{"start":{"line":55,"column":23},"end":{"line":55,"column":38}}}},"statementMap":{"1":{"start":{"line":1,"column":0},"end":{"line":1,"column":27}},"2":{"start":{"line":2,"column":0},"end":{"line":2,"column":39}},"3":{"start":{"line":4,"column":0},"end":{"line":4,"column":31}},"4":{"start":{"line":6,"column":0},"end":{"line":12,"column":3}},"5":{"start":{"line":7,"column":2},"end":{"line":7,"column":45}},"6":{"start":{"line":8,"column":2},"end":{"line":8,"column":57}},"7":{"start":{"line":9,"column":2},"end":{"line":11,"column":5}},"8":{"start":{"line":10,"column":4},"end":{"line":10,"column":48}},"9":{"start":{"line":14,"column":0},"end":{"line":14,"column":38}},"10":{"start":{"line":16,"column":0},"end":{"line":49,"column":3}},"11":{"start":{"line":17,"column":2},"end":{"line":17,"column":30}},"12":{"start":{"line":19,"column":2},"end":{"line":29,"column":4}},"13":{"start":{"line":20,"column":4},"end":{"line":20,"column":28}},"14":{"start":{"line":21,"column":4},"end":{"line":26,"column":5}},"15":{"start":{"line":22,"column":6},"end":{"line":22,"column":22}},"16":{"start":{"line":23,"column":6},"end":{"line":23,"column":44}},"17":{"start":{"line":24,"column":6},"end":{"line":24,"column":26}},"18":{"start":{"line":28,"column":4},"end":{"line":28,"column":15}},"19":{"start":{"line":31,"column":2},"end":{"line":48,"column":27}},"20":{"start":{"line":51,"column":0},"end":{"line":83,"column":3}},"21":{"start":{"line":52,"column":2},"end":{"line":52,"column":16}},"22":{"start":{"line":53,"column":2},"end":{"line":53,"column":19}},"23":{"start":{"line":55,"column":2},"end":{"line":63,"column":4}},"24":{"start":{"line":56,"column":4},"end":{"line":56,"column":28}},"25":{"start":{"line":57,"column":4},"end":{"line":60,"column":5}},"26":{"start":{"line":58,"column":6},"end":{"line":58,"column":22}},"27":{"start":{"line":59,"column":6},"end":{"line":59,"column":60}},"28":{"start":{"line":62,"column":4},"end":{"line":62,"column":15}},"29":{"start":{"line":65,"column":2},"end":{"line":82,"column":27}}},"branchMap":{"1":{"line":10,"type":"cond-expr","locations":[{"start":{"line":10,"column":14},"end":{"line":10,"column":39}},{"start":{"line":10,"column":42},"end":{"line":10,"column":46}}]},"2":{"line":21,"type":"if","locations":[{"start":{"line":21,"column":4},"end":{"line":21,"column":4}},{"start":{"line":21,"column":4},"end":{"line":21,"column":4}}]},"3":{"line":57,"type":"if","locations":[{"start":{"line":57,"column":4},"end":{"line":57,"column":4}},{"start":{"line":57,"column":4},"end":{"line":57,"column":4}}]}},"code":["var gulp = require('gulp');","var _ = require('gulp-load-plugins')();","","gulp.task('default', ['test']);","","gulp.task('test', function(cb) {","  var spawn = require('child_process').spawn;","  var child = spawn('npm', ['test'], {stdio: 'inherit'});","  child.on('exit', function(code) {","    cb(code ? new Error('Tests Failed') : null);","  });","});","","gulp.task('build', ['browser', 'vm']);","","gulp.task('browser', function() {","  var vars = [], varsMap = {};","","  var replacePrivate = function(name) {","    var map = varsMap[name];","    if (!map) {","      vars.push(name);","      map = '._' + vars.length.toString(32);","      varsMap[name] = map;","      // console.log(vars.length, map, name);","    }","","    return map;","  };","","  gulp.src('lib/slm_browser.js')","  .pipe(_.webpack({","      output: {","        filename: 'slm-browser.js',","        library: 'Slm',","        libraryTarget: 'umd'","      }","  }))","  .pipe(_.size({showFiles: true}))","  .pipe(gulp.dest('dist'))","  .pipe(_.replace( /\\._(\\w+)/g, replacePrivate))","  .pipe(_.uglify())","  .pipe(_.concat('slm-browser.min.js'))","  .pipe(_.size({showFiles: true}))","  .pipe(gulp.dest('dist'))","  .pipe(_.gzip())","  .pipe(_.size({showFiles: true}))","  .pipe(gulp.dest('dist'));","});","","gulp.task('vm', function() {","  var vars = [];","  var varsMap = {};","","  var replacePrivate = function(name) {","    var map = varsMap[name];","    if (!map) {","      vars.push(name);","      map = varsMap[name] = '._' + vars.length.toString(32);","    }","","    return map;","  };","","  gulp.src('lib/vm_browser.js')","  .pipe(_.webpack({","      output: {","        filename: 'slm-vm-browser.js',","        library: 'SlmVM',","        libraryTarget: 'umd'","      }","  }))","  .pipe(_.size({showFiles: true}))","  .pipe(gulp.dest('dist'))","  .pipe(_.replace( /\\._(\\w+)/g, replacePrivate))","  .pipe(_.uglify())","  .pipe(_.concat('slm-vm-browser.min.js'))","  .pipe(_.size({showFiles: true}))","  .pipe(gulp.dest('dist'))","  .pipe(_.gzip())","  .pipe(_.size({showFiles: true}))","  .pipe(gulp.dest('dist'));","});",""],"l":{"1":2,"2":0,"4":0,"6":0,"7":0,"8":0,"9":0,"10":0,"14":0,"16":0,"17":0,"19":0,"20":0,"21":0,"22":0,"23":0,"24":0,"28":0,"31":0,"51":0,"52":0,"53":0,"55":0,"56":0,"57":0,"58":0,"59":0,"62":0,"65":0}},"/home/travis/build/npmtest/node-npmtest-slm/node_modules/slm/lib/slm_browser.js":{"path":"/home/travis/build/npmtest/node-npmtest-slm/node_modules/slm/lib/slm_browser.js","s":{"1":1,"2":1,"3":1},"b":{},"f":{},"fnMap":{},"statementMap":{"1":{"start":{"line":1,"column":0},"end":{"line":1,"column":37}},"2":{"start":{"line":2,"column":0},"end":{"line":2,"column":53}},"3":{"start":{"line":4,"column":0},"end":{"line":4,"column":36}}},"branchMap":{},"code":["var Template = require('./template');","var template = new Template(require('./vm_browser'));","","module.exports = template.exports();",""],"l":{"1":1,"2":1,"4":1}},"/home/travis/build/npmtest/node-npmtest-slm/node_modules/slm/lib/vm_browser.js":{"path":"/home/travis/build/npmtest/node-npmtest-slm/node_modules/slm/lib/vm_browser.js","s":{"1":1,"2":1,"3":0,"4":1,"5":1,"6":0,"7":0,"8":0,"9":1,"10":1},"b":{"1":[0,0]},"f":{"1":0,"2":0,"3":0},"fnMap":{"1":{"name":"VMBrowser","line":3,"loc":{"start":{"line":3,"column":0},"end":{"line":3,"column":21}}},"2":{"name":"(anonymous_2)","line":7,"loc":{"start":{"line":7,"column":17},"end":{"line":7,"column":41}}},"3":{"name":"(anonymous_3)","line":14,"loc":{"start":{"line":14,"column":17},"end":{"line":14,"column":28}}}},"statementMap":{"1":{"start":{"line":1,"column":0},"end":{"line":1,"column":25}},"2":{"start":{"line":3,"column":0},"end":{"line":3,"column":39}},"3":{"start":{"line":3,"column":23},"end":{"line":3,"column":37}},"4":{"start":{"line":5,"column":0},"end":{"line":5,"column":39}},"5":{"start":{"line":7,"column":0},"end":{"line":12,"column":2}},"6":{"start":{"line":8,"column":2},"end":{"line":10,"column":3}},"7":{"start":{"line":9,"column":4},"end":{"line":9,"column":41}},"8":{"start":{"line":11,"column":2},"end":{"line":11,"column":19}},"9":{"start":{"line":14,"column":0},"end":{"line":14,"column":31}},"10":{"start":{"line":16,"column":0},"end":{"line":16,"column":27}}},"branchMap":{"1":{"line":8,"type":"if","locations":[{"start":{"line":8,"column":2},"end":{"line":8,"column":2}},{"start":{"line":8,"column":2},"end":{"line":8,"column":2}}]}},"code":["var VM = require('./vm');","","function VMBrowser() { VM.call(this); }","","var p = VMBrowser.prototype = new VM();","","p.runInContext = function(src, filename) {","  if (filename) {","    src += '\\n//# sourceURL=' + filename;","  }","  return eval(src);","};","","p._resolvePath = function() {};","","module.exports = VMBrowser;",""],"l":{"1":1,"3":1,"5":1,"7":1,"8":0,"9":0,"11":0,"14":1,"16":1}}}